2025-06-19 23:54:46 - === ROSE Multibox Debug Console (UTF-8) ===
2025-06-20 00:34:44 - === ROSE Multibox Debug Console (UTF-8) ===
2025-06-20 00:38:28 - === ROSE Multibox Debug Console (UTF-8) ===
2025-06-20 00:41:33 - === ROSE Multibox Debug Console (UTF-8) ===
2025-06-20 00:42:23 - === ROSE Multibox Debug Console (UTF-8) ===
2025-06-20 00:43:29 - === ROSE Multibox Debug Console (UTF-8) ===
2025-06-20 00:44:10 - === ROSE Multibox Debug Console (UTF-8) ===
2025-06-20 00:44:39 - === ROSE Multibox Debug Console (UTF-8) ===
2025-06-20 00:50:08 - === ROSE Multibox Debug Console (UTF-8) ===
2025-06-20 01:06:55 - === ROSE Multibox Debug Console (UTF-8) ===
2025-06-20 01:07:53 - === ROSE Multibox Debug Console (UTF-8) ===
2025-06-20 01:08:15 - === ROSE Multibox Debug Console (UTF-8) ===
2025-06-20 01:08:34 - === ROSE Multibox Debug Console (UTF-8) ===
2025-06-20 01:10:45 - === ROSE Multibox Debug Console (UTF-8) ===
2025-06-20 01:13:36 - === ROSE Multibox Debug Console (UTF-8) ===
2025-06-20 01:15:54 - === ROSE Multibox Debug Console (UTF-8) ===
2025-06-20 01:17:08 - === ROSE Multibox Debug Console (UTF-8) ===
2025-06-20 01:22:26 - === ROSE Multibox Debug Console (UTF-8) ===
2025-06-20 01:23:03 - === ROSE Multibox Debug Console (UTF-8) ===
2025-06-20 01:25:26 - === ROSE Multibox Debug Console (UTF-8) ===
2025-06-20 01:26:27 - === ROSE Multibox Debug Console (UTF-8) ===
2025-06-20 01:27:54 - === ROSE Multibox Debug Console (UTF-8) ===
2025-06-20 20:52:17 - === ROSE Multibox Debug Console (UTF-8) ===
2025-06-20 21:02:19 - === ROSE Multibox Debug Console (UTF-8) ===
2025-06-20 21:02:48 - === ROSE Multibox Debug Console (UTF-8) ===
2025-06-20 21:04:15 - === ROSE Multibox Debug Console (UTF-8) ===
2025-06-20 21:29:24 - === ROSE Multibox Debug Console (UTF-8) ===
2025-06-20 21:30:05 - === ROSE Multibox Debug Console (UTF-8) ===
2025-06-20 23:47:35 - === ROSE Multibox Debug Console (UTF-8) ===
2025-06-20 23:48:35 - === ROSE Multibox Debug Console (UTF-8) ===
2025-06-20 23:50:46 - === ROSE Multibox Debug Console (UTF-8) ===
2025-06-20 23:51:44 - === ROSE Multibox Debug Console (UTF-8) ===
2025-06-20 23:52:27 - === ROSE Multibox Debug Console (UTF-8) ===
2025-06-20 23:54:57 - === ROSE Multibox Debug Console (UTF-8) ===
2025-06-20 23:55:42 - === ROSE Multibox Debug Console (UTF-8) ===
2025-06-20 23:56:07 - === ROSE Multibox Debug Console (UTF-8) ===
2025-06-20 23:56:39 - === ROSE Multibox Debug Console (UTF-8) ===
2025-06-20 23:59:12 - === ROSE Multibox Debug Console (UTF-8) ===
2025-06-21 00:00:31 - === ROSE Multibox Debug Console (UTF-8) ===
2025-06-21 00:01:19 - === ROSE Multibox Debug Console (UTF-8) ===
2025-06-21 00:02:01 - === ROSE Multibox Debug Console (UTF-8) ===
2025-06-21 00:02:24 - === ROSE Multibox Debug Console (UTF-8) ===
2025-06-21 00:03:21 - === ROSE Multibox Debug Console (UTF-8) ===
2025-06-21 00:05:10 - === ROSE Multibox Debug Console (UTF-8) ===
2025-06-21 00:07:26 - === ROSE Multibox Debug Console (UTF-8) ===
2025-06-21 00:12:03 - === ROSE Multibox Debug Console (UTF-8) ===
2025-06-21 00:14:13 - === ROSE Multibox Debug Console (UTF-8) ===
2025-06-21 00:17:29 - === ROSE Multibox Debug Console (UTF-8) ===
2025-06-21 00:21:48 - === ROSE Multibox Debug Console (UTF-8) ===
2025-06-21 00:22:47 - === ROSE Multibox Debug Console (UTF-8) ===
2025-06-21 00:29:21 - === ROSE Multibox Debug Console (UTF-8) ===
2025-06-21 00:29:56 - === ROSE Multibox Debug Console (UTF-8) ===
2025-06-21 00:30:37 - === ROSE Multibox Debug Console (UTF-8) ===
2025-06-21 00:34:27 - === ROSE Multibox Debug Console (UTF-8) ===
2025-06-21 00:38:38 - === ROSE Multibox Debug Console (UTF-8) ===
2025-06-21 00:42:16 - === ROSE Multibox Debug Console (UTF-8) ===
2025-06-21 00:43:41 - === ROSE Multibox Debug Console (UTF-8) ===
2025-06-21 00:44:34 - === ROSE Multibox Debug Console (UTF-8) ===
2025-06-21 00:45:20 - === ROSE Multibox Debug Console (UTF-8) ===
2025-06-21 00:48:30 - === ROSE Multibox Debug Console (UTF-8) ===
2025-06-21 00:49:59 - === ROSE Multibox Debug Console (UTF-8) ===
2025-06-21 00:54:26 - === ROSE Multibox Debug Console (UTF-8) ===
2025-06-21 01:01:21 - === ROSE Multibox Debug Console (UTF-8) ===
2025-06-21 01:03:48 - === ROSE Multibox Debug Console (UTF-8) ===
2025-06-21 01:08:11 - === ROSE Multibox Debug Console (UTF-8) ===
2025-06-21 01:10:03 - === ROSE Multibox Debug Console (UTF-8) ===
2025-06-21 01:10:32 - === ROSE Multibox Debug Console (UTF-8) ===
2025-06-21 01:11:31 - === ROSE Multibox Debug Console (UTF-8) ===
2025-06-21 01:12:22 - === ROSE Multibox Debug Console (UTF-8) ===
2025-06-21 01:21:37 - === ROSE Multibox Debug Console (UTF-8) ===
2025-06-21 01:23:59 - === ROSE Multibox Debug Console (UTF-8) ===
2025-06-21 01:24:41 - === ROSE Multibox Debug Console (UTF-8) ===
2025-06-21 01:27:18 - === ROSE Multibox Debug Console (UTF-8) ===
2025-06-21 01:29:30 - === ROSE Multibox Debug Console (UTF-8) ===
2025-06-21 01:37:18 - === ROSE Multibox Debug Console (UTF-8) ===
2025-06-21 01:39:39 - === ROSE Multibox Debug Console (UTF-8) ===
2025-06-21 01:40:50 - === ROSE Multibox Debug Console (UTF-8) ===
2025-06-21 01:41:10 - === ROSE Multibox Debug Console (UTF-8) ===
2025-06-21 01:41:43 - === ROSE Multibox Debug Console (UTF-8) ===
2025-06-21 01:45:20 - === ROSE Multibox Debug Console (UTF-8) ===
2025-06-21 01:46:15 - === ROSE Multibox Debug Console (UTF-8) ===
2025-06-21 01:46:48 - === ROSE Multibox Debug Console (UTF-8) ===
2025-06-21 01:48:21 - === ROSE Multibox Debug Console (UTF-8) ===
2025-06-21 01:49:22 - === ROSE Multibox Debug Console (UTF-8) ===
2025-06-21 01:52:22 - === ROSE Multibox Debug Console (UTF-8) ===
2025-06-21 01:54:13 - === ROSE Multibox Debug Console (UTF-8) ===
2025-06-21 01:54:38 - === ROSE Multibox Debug Console (UTF-8) ===
2025-06-21 01:56:17 - === ROSE Multibox Debug Console (UTF-8) ===
2025-06-21 01:56:50 - === ROSE Multibox Debug Console (UTF-8) ===
2025-06-21 01:57:07 - === ROSE Multibox Debug Console (UTF-8) ===
2025-06-21 01:57:26 - === ROSE Multibox Debug Console (UTF-8) ===
2025-06-21 01:57:50 - === ROSE Multibox Debug Console (UTF-8) ===
2025-06-21 01:58:10 - === ROSE Multibox Debug Console (UTF-8) ===
2025-06-21 01:58:30 - === ROSE Multibox Debug Console (UTF-8) ===
2025-06-21 02:03:31 - === ROSE Multibox Debug Console (UTF-8) ===
2025-06-21 02:08:11 - === ROSE Multibox Debug Console (UTF-8) ===
2025-06-21 02:09:46 - === ROSE Multibox Debug Console (UTF-8) ===
2025-06-21 02:12:28 - === ROSE Multibox Debug Console (UTF-8) ===
2025-06-21 02:13:15 - === ROSE Multibox Debug Console (UTF-8) ===
2025-06-21 02:15:11 - === ROSE Multibox Debug Console (UTF-8) ===
2025-06-21 02:15:59 - === ROSE Multibox Debug Console (UTF-8) ===
2025-06-21 02:17:06 - === ROSE Multibox Debug Console (UTF-8) ===
2025-06-21 02:17:38 - === ROSE Multibox Debug Console (UTF-8) ===
2025-06-21 02:18:41 - === ROSE Multibox Debug Console (UTF-8) ===
2025-06-21 02:19:55 - === ROSE Multibox Debug Console (UTF-8) ===
2025-06-21 02:21:02 - === ROSE Multibox Debug Console (UTF-8) ===
2025-06-21 02:21:31 - === ROSE Multibox Debug Console (UTF-8) ===
2025-06-21 02:22:28 - === ROSE Multibox Debug Console (UTF-8) ===
2025-06-21 02:23:57 - === ROSE Multibox Debug Console (UTF-8) ===
2025-06-21 02:25:08 - === ROSE Multibox Debug Console (UTF-8) ===
2025-06-21 02:25:48 - === ROSE Multibox Debug Console (UTF-8) ===
2025-06-21 02:26:29 - === ROSE Multibox Debug Console (UTF-8) ===
2025-06-21 02:26:55 - === ROSE Multibox Debug Console (UTF-8) ===
2025-06-21 02:30:51 - === ROSE Multibox Debug Console (UTF-8) ===
2025-06-21 02:39:10 - === ROSE Multibox Debug Console (UTF-8) ===
2025-06-21 02:39:12 - Cargar Ventanas de ROSE
2025-06-21 02:39:13 - Cargar Ventanas de ROSE
2025-06-21 16:41:05 - === ROSE Multibox Debug Console (UTF-8) ===
2025-06-21 17:11:56 - === ROSE Multibox Debug Console (UTF-8) ===
2025-06-22 04:14:58 - === ROSE Multibox Debug Console (UTF-8) ===
2025-06-22 04:15:01 - Cargar Ventanas de ROSE
2025-06-22 04:16:39 - === ROSE Multibox Debug Console (UTF-8) ===
2025-06-22 04:16:46 - Cargar Ventanas de ROSE
2025-06-22 04:20:46 - === ROSE Multibox Debug Console (UTF-8) ===
2025-06-22 04:20:56 - Cargar Ventanas de ROSE
2025-06-22 04:24:26 - === ROSE Multibox Debug Console (UTF-8) ===
2025-06-22 04:24:28 - Cargar Ventanas de ROSE
2025-06-22 04:26:31 - === ROSE Multibox Debug Console (UTF-8) ===
2025-06-22 04:26:33 - Cargar Ventanas de ROSE
2025-06-22 04:29:57 - === ROSE Multibox Debug Console (UTF-8) ===
2025-06-22 04:29:57 - Constructor WindowManager con parámetros
2025-06-22 04:29:57 - Buscando ventanas de ROSE...
2025-06-22 04:29:57 - Buscando ventanas con clase: classROSE
2025-06-22 04:29:57 - Buscando ventanas con clase: classCLIENT
2025-06-22 04:29:57 - Buscando ventanas con clase: classAMETHYST
2025-06-22 04:29:57 - Buscando ventanas con clase: classCodeZero
2025-06-22 04:29:57 - Buscando ventanas con clase: Arua
2025-06-22 04:29:57 - No se encontraron ventanas con las clases especificadas.
2025-06-22 04:29:59 - Cargar Ventanas de ROSE
2025-06-22 04:29:59 - Buscando ventanas de ROSE...
2025-06-22 04:29:59 - Buscando ventanas con clase: classROSE
2025-06-22 04:29:59 - Buscando ventanas con clase: classCLIENT
2025-06-22 04:29:59 - Buscando ventanas con clase: classAMETHYST
2025-06-22 04:29:59 - Buscando ventanas con clase: classCodeZero
2025-06-22 04:29:59 - Buscando ventanas con clase: Arua
2025-06-22 04:29:59 - No se encontraron ventanas con las clases especificadas.
2025-06-22 04:29:59 - No se encontraron ventanas de ROSE
2025-06-22 04:29:59 - No hay ventanas registradas
2025-06-22 04:30:58 - === ROSE Multibox Debug Console (UTF-8) ===
2025-06-22 04:30:58 - Constructor WindowManager con parámetros
2025-06-22 04:30:58 - Buscando ventanas de ROSE...
2025-06-22 04:30:58 - Buscando ventanas con clase: classROSE
2025-06-22 04:30:58 - Buscando ventanas con clase: classCLIENT
2025-06-22 04:30:58 - Buscando ventanas con clase: classAMETHYST
2025-06-22 04:30:58 - Buscando ventanas con clase: classCodeZero
2025-06-22 04:30:58 - Buscando ventanas con clase: Arua
2025-06-22 04:30:58 - Añadida ventana: Wish Rose Online          [ Alice ]
2025-06-22 04:30:58 - Registrada nueva ventana: Wish Rose Online          [ Alice ]
2025-06-22 04:31:02 - Cargar Ventanas de ROSE
2025-06-22 04:31:02 - Lista de ventanas reiniciada
2025-06-22 04:31:02 - Buscando ventanas de ROSE...
2025-06-22 04:31:02 - Buscando ventanas con clase: classROSE
2025-06-22 04:31:02 - Buscando ventanas con clase: classCLIENT
2025-06-22 04:31:02 - Buscando ventanas con clase: classAMETHYST
2025-06-22 04:31:02 - Buscando ventanas con clase: classCodeZero
2025-06-22 04:31:02 - Buscando ventanas con clase: Arua
2025-06-22 04:31:02 - Añadida ventana: Wish Rose Online          [ Alice ]
2025-06-22 04:31:02 - Registrada nueva ventana: Wish Rose Online          [ Alice ]
2025-06-22 04:31:02 - Ventana 0: Wish Rose Online          [ Alice ]
2025-06-22 04:31:27 - Cargar Ventanas de ROSE
2025-06-22 04:31:27 - Lista de ventanas reiniciada
2025-06-22 04:31:27 - Buscando ventanas de ROSE...
2025-06-22 04:31:27 - Buscando ventanas con clase: classROSE
2025-06-22 04:31:27 - Buscando ventanas con clase: classCLIENT
2025-06-22 04:31:27 - Buscando ventanas con clase: classAMETHYST
2025-06-22 04:31:27 - Buscando ventanas con clase: classCodeZero
2025-06-22 04:31:27 - Buscando ventanas con clase: Arua
2025-06-22 04:31:27 - Añadida ventana: Wish Rose Online          [ Alice ]
2025-06-22 04:31:27 - Registrada nueva ventana: Wish Rose Online          [ Alice ]
2025-06-22 04:31:27 - Ventana 0: Wish Rose Online          [ Alice ]
2025-06-22 04:39:04 - === ROSE Multibox Debug Console (UTF-8) ===
2025-06-22 04:39:04 - Constructor WindowManager con parámetros
2025-06-22 04:39:04 - Buscando ventanas de ROSE...
2025-06-22 04:39:04 - Buscando ventanas con clase: classROSE
2025-06-22 04:39:04 - Buscando ventanas con clase: classCLIENT
2025-06-22 04:39:04 - Buscando ventanas con clase: classAMETHYST
2025-06-22 04:39:04 - Buscando ventanas con clase: classCodeZero
2025-06-22 04:39:04 - Buscando ventanas con clase: Arua
2025-06-22 04:39:04 - Añadida ventana: Wish Rose Online          [ Alice ]
2025-06-22 04:39:04 - Registrada nueva ventana: Wish Rose Online          [ Alice ]
2025-06-22 04:39:06 - Cargar Ventanas de ROSE
2025-06-22 04:39:06 - Lista de ventanas reiniciada
2025-06-22 04:39:06 - Buscando ventanas de ROSE...
2025-06-22 04:39:06 - Buscando ventanas con clase: classROSE
2025-06-22 04:39:06 - Buscando ventanas con clase: classCLIENT
2025-06-22 04:39:06 - Buscando ventanas con clase: classAMETHYST
2025-06-22 04:39:06 - Buscando ventanas con clase: classCodeZero
2025-06-22 04:39:06 - Buscando ventanas con clase: Arua
2025-06-22 04:39:06 - Añadida ventana: Wish Rose Online          [ Alice ]
2025-06-22 04:39:06 - Registrada nueva ventana: Wish Rose Online          [ Alice ]
2025-06-22 04:39:06 - Ventana 0x0000000000850C5E: Wish Rose Online          [ Alice ] (classROSE) - Orden: 1
2025-06-22 04:45:47 - === ROSE Multibox Debug Console (UTF-8) ===
2025-06-22 04:45:47 - Constructor WindowManager con parámetros
2025-06-22 04:45:47 - Buscando ventanas de ROSE...
2025-06-22 04:45:47 - Buscando ventanas con clase: classROSE
2025-06-22 04:45:47 - Buscando ventanas con clase: classCLIENT
2025-06-22 04:45:47 - Buscando ventanas con clase: classAMETHYST
2025-06-22 04:45:47 - Buscando ventanas con clase: classCodeZero
2025-06-22 04:45:47 - Buscando ventanas con clase: Arua
2025-06-22 04:45:47 - Añadida ventana: Wish Rose Online          [ Alice ]
2025-06-22 04:45:47 - Registrada nueva ventana: Wish Rose Online          [ Alice ]
2025-06-22 04:45:48 - Cargar Ventanas de ROSE
2025-06-22 04:45:48 - Lista de ventanas reiniciada
2025-06-22 04:45:48 - Buscando ventanas de ROSE...
2025-06-22 04:45:48 - Buscando ventanas con clase: classROSE
2025-06-22 04:45:48 - Buscando ventanas con clase: classCLIENT
2025-06-22 04:45:48 - Buscando ventanas con clase: classAMETHYST
2025-06-22 04:45:48 - Buscando ventanas con clase: classCodeZero
2025-06-22 04:45:48 - Buscando ventanas con clase: Arua
2025-06-22 04:45:48 - Añadida ventana: Wish Rose Online          [ Alice ]
2025-06-22 04:45:48 - Registrada nueva ventana: Wish Rose Online          [ Alice ]
2025-06-22 04:45:48 - Ventana HWND 0x850c5e
2025-06-22 04:45:48 - Ventana PID 19148
2025-06-22 04:45:48 - Ventana Title Wish Rose Online          [ Alice ]
2025-06-22 04:45:48 - Ventana Class classROSE
2025-06-22 04:45:48 - Ventana Order 1
2025-06-22 04:58:57 - === ROSE Multibox Debug Console (UTF-8) ===
2025-06-22 04:58:57 - Constructor WindowManager con parámetros
2025-06-22 04:58:57 - Buscando ventanas de ROSE...
2025-06-22 04:58:57 - Buscando ventanas con clase: classROSE
2025-06-22 04:58:57 - Buscando ventanas con clase: classCLIENT
2025-06-22 04:58:57 - Buscando ventanas con clase: classAMETHYST
2025-06-22 04:58:57 - Buscando ventanas con clase: classCodeZero
2025-06-22 04:58:57 - Buscando ventanas con clase: Arua
2025-06-22 04:58:57 - Añadida ventana: Wish Rose Online          [ Alice ]
2025-06-22 04:58:57 - Registrada nueva ventana: Wish Rose Online          [ Alice ]
2025-06-22 04:58:59 - Cargar Ventanas de ROSE
2025-06-22 04:58:59 - Lista de ventanas reiniciada
2025-06-22 04:58:59 - Buscando ventanas de ROSE...
2025-06-22 04:58:59 - Buscando ventanas con clase: classROSE
2025-06-22 04:58:59 - Buscando ventanas con clase: classCLIENT
2025-06-22 04:58:59 - Buscando ventanas con clase: classAMETHYST
2025-06-22 04:58:59 - Buscando ventanas con clase: classCodeZero
2025-06-22 04:58:59 - Buscando ventanas con clase: Arua
2025-06-22 04:58:59 - Añadida ventana: Wish Rose Online          [ Alice ]
2025-06-22 04:58:59 - Registrada nueva ventana: Wish Rose Online          [ Alice ]
2025-06-22 04:58:59 - Ventana HWND 0x850c5e
2025-06-22 04:58:59 - Ventana PID 19148
2025-06-22 04:58:59 - Ventana Title Wish Rose Online          [ Alice ]
2025-06-22 04:58:59 - Ventana Class classROSE
2025-06-22 04:58:59 - Ventana Order 1
2025-06-22 04:58:59 - -------------------------
2025-06-22 17:50:56 - === ROSE Multibox Debug Console (UTF-8) ===
2025-06-22 17:50:57 - Constructor WindowManager con parámetros
2025-06-22 17:50:57 - Buscando ventanas de ROSE...
2025-06-22 17:50:57 - Buscando ventanas con clase: classROSE
2025-06-22 17:50:57 - Buscando ventanas con clase: classCLIENT
2025-06-22 17:50:57 - Buscando ventanas con clase: classAMETHYST
2025-06-22 17:50:57 - Buscando ventanas con clase: classCodeZero
2025-06-22 17:50:57 - Buscando ventanas con clase: Arua
2025-06-22 17:50:57 - Añadida ventana: Wish Rose Online          [ Alice ]
2025-06-22 17:50:57 - Registrada nueva ventana: Wish Rose Online          [ Alice ]
2025-06-22 17:51:40 - Cargar Ventanas de ROSE
2025-06-22 17:51:40 - Lista de ventanas reiniciada
2025-06-22 17:51:40 - Buscando ventanas de ROSE...
2025-06-22 17:51:40 - Buscando ventanas con clase: classROSE
2025-06-22 17:51:40 - Buscando ventanas con clase: classCLIENT
2025-06-22 17:51:40 - Buscando ventanas con clase: classAMETHYST
2025-06-22 17:51:40 - Buscando ventanas con clase: classCodeZero
2025-06-22 17:51:40 - Buscando ventanas con clase: Arua
2025-06-22 17:51:40 - Añadida ventana: Wish Rose Online          [ Alice ]
2025-06-22 17:51:40 - Registrada nueva ventana: Wish Rose Online          [ Alice ]
2025-06-22 17:51:40 - Ventana HWND 0x2e0b24
2025-06-22 17:51:40 - Ventana PID 17368
2025-06-22 17:51:40 - Ventana Title Wish Rose Online          [ Alice ]
2025-06-22 17:51:40 - Ventana Class classROSE
2025-06-22 17:51:40 - Ventana Order 1
2025-06-22 17:51:40 - -------------------------
2025-06-22 18:08:26 - === ROSE Multibox Debug Console (UTF-8) ===
2025-06-22 18:08:26 - Constructor WindowManager con parámetros
2025-06-22 18:08:26 - Buscando ventanas de ROSE...
2025-06-22 18:08:26 - Buscando ventanas con clase: classROSE
2025-06-22 18:08:26 - Buscando ventanas con clase: classCLIENT
2025-06-22 18:08:26 - Buscando ventanas con clase: classAMETHYST
2025-06-22 18:08:26 - Buscando ventanas con clase: classCodeZero
2025-06-22 18:08:26 - Buscando ventanas con clase: Arua
2025-06-22 18:08:26 - Añadida ventana: Wish Rose Online          [ Alice ]
2025-06-22 18:08:26 - Registrada nueva ventana: Wish Rose Online          [ Alice ]
2025-06-22 18:09:55 - === ROSE Multibox Debug Console (UTF-8) ===
2025-06-22 18:09:55 - Constructor WindowManager con parámetros
2025-06-22 18:09:57 - Cargar Ventanas de ROSE
2025-06-22 18:09:57 - Buscando ventanas de ROSE...
2025-06-22 18:09:57 - Buscando ventanas con clase: classROSE
2025-06-22 18:09:57 - Buscando ventanas con clase: classCLIENT
2025-06-22 18:09:57 - Buscando ventanas con clase: classAMETHYST
2025-06-22 18:09:57 - Buscando ventanas con clase: classCodeZero
2025-06-22 18:09:57 - Buscando ventanas con clase: Arua
2025-06-22 18:09:57 - Añadida ventana: Wish Rose Online          [ Alice ]
2025-06-22 18:09:57 - Registrada nueva ventana: Wish Rose Online          [ Alice ]
2025-06-22 18:09:57 - Ventana HWND 0x2e0b24
2025-06-22 18:09:57 - Ventana PID 17368
2025-06-22 18:09:57 - Ventana Title Wish Rose Online          [ Alice ]
2025-06-22 18:09:57 - Ventana Class classROSE
2025-06-22 18:09:57 - Ventana Order 1
2025-06-22 18:09:57 - -------------------------
2025-06-22 22:07:11 - === ROSE Multibox Debug Console (UTF-8) ===
2025-06-22 22:07:12 - Constructor WindowManager con parámetros
2025-06-22 22:07:15 - Cargar Ventanas de ROSE
2025-06-22 22:07:15 - Buscando ventanas de ROSE...
2025-06-22 22:07:15 - Buscando ventanas con clase: classROSE
2025-06-22 22:07:15 - Buscando ventanas con clase: classCLIENT
2025-06-22 22:07:15 - Buscando ventanas con clase: classAMETHYST
2025-06-22 22:07:15 - Buscando ventanas con clase: classCodeZero
2025-06-22 22:07:15 - Buscando ventanas con clase: Arua
2025-06-22 22:07:15 - No se encontraron ventanas con las clases especificadas.
2025-06-22 22:07:15 - No se encontraron ventanas de ROSE
2025-06-22 22:07:15 - No hay ventanas registradas
2025-06-22 22:10:01 - Cargar Ventanas de ROSE
2025-06-22 22:10:01 - Buscando ventanas de ROSE...
2025-06-22 22:10:01 - Buscando ventanas con clase: classROSE
2025-06-22 22:10:01 - Buscando ventanas con clase: classCLIENT
2025-06-22 22:10:01 - Buscando ventanas con clase: classAMETHYST
2025-06-22 22:10:01 - Buscando ventanas con clase: classCodeZero
2025-06-22 22:10:01 - Buscando ventanas con clase: Arua
2025-06-22 22:10:01 - Añadida ventana: Wish Rose Online          [ Alice ]
2025-06-22 22:10:01 - Registrada nueva ventana: Wish Rose Online          [ Alice ]
2025-06-22 22:10:01 - Ventana HWND 0xa0b96
2025-06-22 22:10:01 - Ventana PID 26512
2025-06-22 22:10:01 - Ventana Title Wish Rose Online          [ Alice ]
2025-06-22 22:10:01 - Ventana Class classROSE
2025-06-22 22:10:01 - Ventana Order 1
2025-06-22 22:10:01 - -------------------------
2025-06-22 22:18:32 - === ROSE Multibox Debug Console (UTF-8) ===
2025-06-22 22:18:32 - Constructor WindowManager con parámetros
2025-06-22 22:18:34 - Cargar Ventanas de ROSE
2025-06-22 22:18:34 - Buscando ventanas de ROSE...
2025-06-22 22:18:34 - Buscando ventanas con clase: classROSE
2025-06-22 22:18:34 - Buscando ventanas con clase: classCLIENT
2025-06-22 22:18:34 - Buscando ventanas con clase: classAMETHYST
2025-06-22 22:18:34 - Buscando ventanas con clase: classCodeZero
2025-06-22 22:18:34 - Buscando ventanas con clase: Arua
2025-06-22 22:18:34 - Añadida ventana: Wish Rose Online          [ Alice ]
2025-06-22 22:18:34 - Registrada nueva ventana: Wish Rose Online          [ Alice ]
2025-06-22 22:18:34 - Ventana HWND 0xa0b96
2025-06-22 22:18:34 - Ventana PID 26512
2025-06-22 22:18:34 - Ventana Title Alice
2025-06-22 22:18:34 - Ventana Class classROSE
2025-06-22 22:18:34 - Ventana Order 1
2025-06-22 22:18:34 - -------------------------
2025-06-22 22:19:52 - === ROSE Multibox Debug Console (UTF-8) ===
2025-06-22 22:19:52 - Constructor WindowManager con parámetros
2025-06-22 22:19:54 - Cargar Ventanas de ROSE
2025-06-22 22:19:54 - Buscando ventanas de ROSE...
2025-06-22 22:19:54 - Buscando ventanas con clase: classROSE
2025-06-22 22:19:54 - Buscando ventanas con clase: classCLIENT
2025-06-22 22:19:54 - Buscando ventanas con clase: classAMETHYST
2025-06-22 22:19:54 - Buscando ventanas con clase: classCodeZero
2025-06-22 22:19:54 - Buscando ventanas con clase: Arua
2025-06-22 22:19:54 - Añadida ventana: Wish Rose Online          [ Alice ]
2025-06-22 22:19:54 - Registrada nueva ventana: Wish Rose Online          [ Alice ]
2025-06-22 22:19:54 - Ventana HWND 0xa0b96
2025-06-22 22:19:54 - Ventana PID 26512
2025-06-22 22:19:54 - Ventana Title [ Alice
2025-06-22 22:19:54 - Ventana Class classROSE
2025-06-22 22:19:54 - Ventana Order 1
2025-06-22 22:19:54 - -------------------------
2025-06-22 22:20:20 - === ROSE Multibox Debug Console (UTF-8) ===
2025-06-22 22:20:20 - Constructor WindowManager con parámetros
2025-06-22 22:20:21 - Cargar Ventanas de ROSE
2025-06-22 22:20:21 - Buscando ventanas de ROSE...
2025-06-22 22:20:21 - Buscando ventanas con clase: classROSE
2025-06-22 22:20:21 - Buscando ventanas con clase: classCLIENT
2025-06-22 22:20:21 - Buscando ventanas con clase: classAMETHYST
2025-06-22 22:20:21 - Buscando ventanas con clase: classCodeZero
2025-06-22 22:20:21 - Buscando ventanas con clase: Arua
2025-06-22 22:20:21 - Añadida ventana: Wish Rose Online          [ Alice ]
2025-06-22 22:20:21 - Registrada nueva ventana: Wish Rose Online          [ Alice ]
2025-06-22 22:20:21 - Ventana HWND 0xa0b96
2025-06-22 22:20:21 - Ventana PID 26512
2025-06-22 22:20:21 - Ventana Title [ Alice ]
2025-06-22 22:20:21 - Ventana Class classROSE
2025-06-22 22:20:21 - Ventana Order 1
2025-06-22 22:20:21 - -------------------------
2025-06-22 22:24:26 - === ROSE Multibox Debug Console (UTF-8) ===
2025-06-22 22:24:26 - Constructor WindowManager con parámetros
2025-06-22 22:24:27 - Cargar Ventanas de ROSE
2025-06-22 22:24:27 - Buscando ventanas de ROSE...
2025-06-22 22:24:27 - Buscando ventanas con clase: classROSE
2025-06-22 22:24:27 - Buscando ventanas con clase: classCLIENT
2025-06-22 22:24:27 - Buscando ventanas con clase: classAMETHYST
2025-06-22 22:24:27 - Buscando ventanas con clase: classCodeZero
2025-06-22 22:24:27 - Buscando ventanas con clase: Arua
2025-06-22 22:24:27 - Añadida ventana: Wish Rose Online          [ Alice ]
2025-06-22 22:24:27 - Registrada nueva ventana: Wish Rose Online          [ Alice ]
2025-06-22 22:24:27 - Ventana HWND 0xa0b96
2025-06-22 22:24:27 - Ventana PID 26512
2025-06-22 22:24:27 - Ventana Title [ Alice ]
2025-06-22 22:24:27 - Ventana Class classROSE
2025-06-22 22:24:27 - Ventana Order 1
2025-06-22 22:24:27 - -------------------------
2025-06-22 22:31:10 - === ROSE Multibox Debug Console (UTF-8) ===
2025-06-22 22:31:10 - Constructor WindowManager con parámetros
2025-06-22 22:31:11 - Cargar Ventanas de ROSE
2025-06-22 22:31:11 - Buscando ventanas de ROSE...
2025-06-22 22:31:11 - Buscando ventanas con clase: classROSE
2025-06-22 22:31:11 - Buscando ventanas con clase: classCLIENT
2025-06-22 22:31:11 - Buscando ventanas con clase: classAMETHYST
2025-06-22 22:31:11 - Buscando ventanas con clase: classCodeZero
2025-06-22 22:31:11 - Buscando ventanas con clase: Arua
2025-06-22 22:31:11 - Añadida ventana: Wish Rose Online          [ Alice ]
2025-06-22 22:31:11 - Registrada nueva ventana: Wish Rose Online          [ Alice ]
2025-06-22 22:31:11 - Ventana HWND 0xa0b96
2025-06-22 22:31:11 - Ventana PID 26512
2025-06-22 22:31:11 - Ventana Title [ Alice ]
2025-06-22 22:31:11 - Ventana Class classROSE
2025-06-22 22:31:11 - Ventana Order 1
2025-06-22 22:31:11 - -------------------------
2025-06-22 22:45:37 - === ROSE Multibox Debug Console (UTF-8) ===
2025-06-22 22:45:37 - Constructor WindowManager con parámetros
2025-06-22 22:45:38 - Cargar Ventanas de ROSE
2025-06-22 22:45:38 - Buscando ventanas de ROSE...
2025-06-22 22:45:38 - Buscando ventanas con clase: classROSE
2025-06-22 22:45:38 - Buscando ventanas con clase: classCLIENT
2025-06-22 22:45:38 - Buscando ventanas con clase: classAMETHYST
2025-06-22 22:45:38 - Buscando ventanas con clase: classCodeZero
2025-06-22 22:45:38 - Buscando ventanas con clase: Arua
2025-06-22 22:45:38 - Añadida ventana: Wish Rose Online          [ Alice ]
2025-06-22 22:45:38 - Registrada nueva ventana: Wish Rose Online          [ Alice ]
2025-06-22 22:45:38 - Ventana HWND 0xa0b96
2025-06-22 22:45:38 - Ventana PID 26512
2025-06-22 22:45:38 - Ventana Title [ Alice ]
2025-06-22 22:45:38 - Ventana Class classROSE
2025-06-22 22:45:38 - Ventana Order 1
2025-06-22 22:45:38 - -------------------------
2025-06-22 22:47:34 - Cargar Ventanas de ROSE
2025-06-22 22:47:34 - Lista de ventanas reiniciada
2025-06-22 22:47:34 - Buscando ventanas de ROSE...
2025-06-22 22:47:34 - Buscando ventanas con clase: classROSE
2025-06-22 22:47:34 - Buscando ventanas con clase: classCLIENT
2025-06-22 22:47:34 - Buscando ventanas con clase: classAMETHYST
2025-06-22 22:47:34 - Buscando ventanas con clase: classCodeZero
2025-06-22 22:47:34 - Buscando ventanas con clase: Arua
2025-06-22 22:47:34 - Añadida ventana: Wish Rose Online          [ Alice ]
2025-06-22 22:47:34 - Registrada nueva ventana: Wish Rose Online          [ Alice ]
2025-06-22 22:47:34 - Ventana HWND 0xa0b96
2025-06-22 22:47:34 - Ventana PID 26512
2025-06-22 22:47:34 - Ventana Title [ Alice ]
2025-06-22 22:47:34 - Ventana Class classROSE
2025-06-22 22:47:34 - Ventana Order 1
2025-06-22 22:47:34 - -------------------------
2025-06-22 22:58:42 - === ROSE Multibox Debug Console (UTF-8) ===
2025-06-22 22:58:42 - Constructor WindowManager con parámetros
2025-06-22 22:58:44 - Cargar Ventanas de ROSE
2025-06-22 22:58:44 - Buscando ventanas de ROSE...
2025-06-22 22:58:44 - Buscando ventanas con clase: classROSE
2025-06-22 22:58:44 - Buscando ventanas con clase: classCLIENT
2025-06-22 22:58:44 - Buscando ventanas con clase: classAMETHYST
2025-06-22 22:58:44 - Buscando ventanas con clase: classCodeZero
2025-06-22 22:58:44 - Buscando ventanas con clase: Arua
2025-06-22 22:58:44 - Añadida ventana: Wish Rose Online          [ Alice ]
2025-06-22 22:58:44 - Registrada nueva ventana: Wish Rose Online          [ Alice ]
2025-06-22 22:58:44 - Ventana HWND 0xa0b96
2025-06-22 22:58:44 - Ventana PID 26512
2025-06-22 22:58:44 - Ventana Title [ Alice ]
2025-06-22 22:58:44 - Ventana Class classROSE
2025-06-22 22:58:44 - Ventana Order 1
2025-06-22 22:58:44 - -------------------------
2025-06-22 23:00:06 - === ROSE Multibox Debug Console (UTF-8) ===
2025-06-22 23:00:06 - Constructor WindowManager con parámetros
2025-06-22 23:00:12 - Cargar Ventanas de ROSE
2025-06-22 23:00:12 - Buscando ventanas de ROSE...
2025-06-22 23:00:12 - Buscando ventanas con clase: classROSE
2025-06-22 23:00:12 - Buscando ventanas con clase: classCLIENT
2025-06-22 23:00:12 - Buscando ventanas con clase: classAMETHYST
2025-06-22 23:00:12 - Buscando ventanas con clase: classCodeZero
2025-06-22 23:00:12 - Buscando ventanas con clase: Arua
2025-06-22 23:00:12 - Añadida ventana: Wish Rose Online          [ Alice ]
2025-06-22 23:00:12 - Registrada nueva ventana: Wish Rose Online          [ Alice ]
2025-06-22 23:00:12 - Ventana HWND 0xa0b96
2025-06-22 23:00:12 - Ventana PID 26512
2025-06-22 23:00:12 - Ventana Title [ Alice ]
2025-06-22 23:00:12 - Ventana Class classROSE
2025-06-22 23:00:12 - Ventana Order 1
2025-06-22 23:00:12 - -------------------------
2025-06-22 23:00:45 - === ROSE Multibox Debug Console (UTF-8) ===
2025-06-22 23:00:45 - Constructor WindowManager con parámetros
2025-06-22 23:00:47 - Cargar Ventanas de ROSE
2025-06-22 23:00:47 - Buscando ventanas de ROSE...
2025-06-22 23:00:47 - Buscando ventanas con clase: classROSE
2025-06-22 23:00:47 - Buscando ventanas con clase: classCLIENT
2025-06-22 23:00:47 - Buscando ventanas con clase: classAMETHYST
2025-06-22 23:00:47 - Buscando ventanas con clase: classCodeZero
2025-06-22 23:00:47 - Buscando ventanas con clase: Arua
2025-06-22 23:00:47 - Añadida ventana: Wish Rose Online          [ Alice ]
2025-06-22 23:00:47 - Registrada nueva ventana: Wish Rose Online          [ Alice ]
2025-06-22 23:00:47 - Ventana HWND 0xa0b96
2025-06-22 23:00:47 - Ventana PID 26512
2025-06-22 23:00:47 - Ventana Title [ Alice ]
2025-06-22 23:00:47 - Ventana Class classROSE
2025-06-22 23:00:47 - Ventana Order 1
2025-06-22 23:00:47 - -------------------------
2025-06-22 23:01:25 - === ROSE Multibox Debug Console (UTF-8) ===
2025-06-22 23:01:25 - Constructor WindowManager con parámetros
2025-06-22 23:01:31 - Cargar Ventanas de ROSE
2025-06-22 23:01:31 - Buscando ventanas de ROSE...
2025-06-22 23:01:31 - Buscando ventanas con clase: classROSE
2025-06-22 23:01:31 - Buscando ventanas con clase: classCLIENT
2025-06-22 23:01:31 - Buscando ventanas con clase: classAMETHYST
2025-06-22 23:01:31 - Buscando ventanas con clase: classCodeZero
2025-06-22 23:01:31 - Buscando ventanas con clase: Arua
2025-06-22 23:01:31 - Añadida ventana: Wish Rose Online          [ Alice ]
2025-06-22 23:01:31 - Registrada nueva ventana: Wish Rose Online          [ Alice ]
2025-06-22 23:01:31 - Ventana HWND 0xa0b96
2025-06-22 23:01:31 - Ventana PID 26512
2025-06-22 23:01:31 - Ventana Title [ Alice ]
2025-06-22 23:01:31 - Ventana Class classROSE
2025-06-22 23:01:31 - Ventana Order 1
2025-06-22 23:01:31 - -------------------------
2025-06-22 23:01:59 - === ROSE Multibox Debug Console (UTF-8) ===
2025-06-22 23:01:59 - Constructor WindowManager con parámetros
2025-06-22 23:02:02 - Cargar Ventanas de ROSE
2025-06-22 23:02:02 - Buscando ventanas de ROSE...
2025-06-22 23:02:02 - Buscando ventanas con clase: classROSE
2025-06-22 23:02:02 - Buscando ventanas con clase: classCLIENT
2025-06-22 23:02:02 - Buscando ventanas con clase: classAMETHYST
2025-06-22 23:02:02 - Buscando ventanas con clase: classCodeZero
2025-06-22 23:02:02 - Buscando ventanas con clase: Arua
2025-06-22 23:02:02 - Añadida ventana: Wish Rose Online          [ Alice ]
2025-06-22 23:02:02 - Registrada nueva ventana: Wish Rose Online          [ Alice ]
2025-06-22 23:02:02 - Ventana HWND 0xa0b96
2025-06-22 23:02:02 - Ventana PID 26512
2025-06-22 23:02:02 - Ventana Title [ Alice ]
2025-06-22 23:02:02 - Ventana Class classROSE
2025-06-22 23:02:02 - Ventana Order 1
2025-06-22 23:02:02 - -------------------------
2025-06-22 23:03:39 - === ROSE Multibox Debug Console (UTF-8) ===
2025-06-22 23:03:39 - Constructor WindowManager con parámetros
2025-06-22 23:03:40 - Cargar Ventanas de ROSE
2025-06-22 23:03:40 - Buscando ventanas de ROSE...
2025-06-22 23:03:40 - Buscando ventanas con clase: classROSE
2025-06-22 23:03:40 - Buscando ventanas con clase: classCLIENT
2025-06-22 23:03:40 - Buscando ventanas con clase: classAMETHYST
2025-06-22 23:03:40 - Buscando ventanas con clase: classCodeZero
2025-06-22 23:03:40 - Buscando ventanas con clase: Arua
2025-06-22 23:03:40 - Añadida ventana: Wish Rose Online          [ Alice ]
2025-06-22 23:03:40 - Registrada nueva ventana: Wish Rose Online          [ Alice ]
2025-06-22 23:03:40 - Ventana HWND 0xa0b96
2025-06-22 23:03:40 - Ventana PID 26512
2025-06-22 23:03:40 - Ventana Title [ Alice ]
2025-06-22 23:03:40 - Ventana Class classROSE
2025-06-22 23:03:40 - Ventana Order 1
2025-06-22 23:03:40 - -------------------------
2025-06-22 23:07:01 - === ROSE Multibox Debug Console (UTF-8) ===
2025-06-22 23:07:01 - Constructor WindowManager con parámetros
2025-06-22 23:07:03 - Cargar Ventanas de ROSE
2025-06-22 23:07:03 - Buscando ventanas de ROSE...
2025-06-22 23:07:03 - Buscando ventanas con clase: classROSE
2025-06-22 23:07:03 - Buscando ventanas con clase: classCLIENT
2025-06-22 23:07:03 - Buscando ventanas con clase: classAMETHYST
2025-06-22 23:07:03 - Buscando ventanas con clase: classCodeZero
2025-06-22 23:07:03 - Buscando ventanas con clase: Arua
2025-06-22 23:07:03 - Añadida ventana: Wish Rose Online          [ Alice ]
2025-06-22 23:07:03 - Registrada nueva ventana: Wish Rose Online          [ Alice ]
2025-06-22 23:07:03 - Ventana HWND 0xa0b96
2025-06-22 23:07:03 - Ventana PID 26512
2025-06-22 23:07:03 - Ventana Title [ Alice ]
2025-06-22 23:07:03 - Ventana Class classROSE
2025-06-22 23:07:03 - Ventana Order 1
2025-06-22 23:07:03 - -------------------------
2025-06-22 23:07:03 - size Panel bottom: 800
2025-06-22 23:11:25 - === ROSE Multibox Debug Console (UTF-8) ===
2025-06-22 23:11:25 - Constructor WindowManager con parámetros
2025-06-22 23:11:26 - Cargar Ventanas de ROSE
2025-06-22 23:11:26 - Buscando ventanas de ROSE...
2025-06-22 23:11:26 - Buscando ventanas con clase: classROSE
2025-06-22 23:11:26 - Buscando ventanas con clase: classCLIENT
2025-06-22 23:11:26 - Buscando ventanas con clase: classAMETHYST
2025-06-22 23:11:26 - Buscando ventanas con clase: classCodeZero
2025-06-22 23:11:26 - Buscando ventanas con clase: Arua
2025-06-22 23:11:26 - Añadida ventana: Wish Rose Online          [ Alice ]
2025-06-22 23:11:26 - Registrada nueva ventana: Wish Rose Online          [ Alice ]
2025-06-22 23:11:26 - Ventana HWND 0xa0b96
2025-06-22 23:11:26 - Ventana PID 26512
2025-06-22 23:11:26 - Ventana Title [ Alice ]
2025-06-22 23:11:26 - Ventana Class classROSE
2025-06-22 23:11:26 - Ventana Order 1
2025-06-22 23:11:26 - -------------------------
2025-06-22 23:11:26 - size Panel bottom: 800
2025-06-22 23:11:58 - === ROSE Multibox Debug Console (UTF-8) ===
2025-06-22 23:11:58 - Constructor WindowManager con parámetros
2025-06-22 23:11:59 - Cargar Ventanas de ROSE
2025-06-22 23:11:59 - Buscando ventanas de ROSE...
2025-06-22 23:11:59 - Buscando ventanas con clase: classROSE
2025-06-22 23:11:59 - Buscando ventanas con clase: classCLIENT
2025-06-22 23:11:59 - Buscando ventanas con clase: classAMETHYST
2025-06-22 23:11:59 - Buscando ventanas con clase: classCodeZero
2025-06-22 23:11:59 - Buscando ventanas con clase: Arua
2025-06-22 23:11:59 - Añadida ventana: Wish Rose Online          [ Alice ]
2025-06-22 23:11:59 - Registrada nueva ventana: Wish Rose Online          [ Alice ]
2025-06-22 23:11:59 - Ventana HWND 0xa0b96
2025-06-22 23:11:59 - Ventana PID 26512
2025-06-22 23:11:59 - Ventana Title [ Alice ]
2025-06-22 23:11:59 - Ventana Class classROSE
2025-06-22 23:11:59 - Ventana Order 1
2025-06-22 23:11:59 - -------------------------
2025-06-22 23:11:59 - size Panel bottom: 800
2025-06-22 23:15:31 - === ROSE Multibox Debug Console (UTF-8) ===
2025-06-22 23:15:32 - Constructor WindowManager con parámetros
2025-06-22 23:15:33 - Cargar Ventanas de ROSE
2025-06-22 23:15:33 - Buscando ventanas de ROSE...
2025-06-22 23:15:33 - Buscando ventanas con clase: classROSE
2025-06-22 23:15:33 - Buscando ventanas con clase: classCLIENT
2025-06-22 23:15:33 - Buscando ventanas con clase: classAMETHYST
2025-06-22 23:15:33 - Buscando ventanas con clase: classCodeZero
2025-06-22 23:15:33 - Buscando ventanas con clase: Arua
2025-06-22 23:15:33 - Añadida ventana: Wish Rose Online          [ Alice ]
2025-06-22 23:15:33 - Registrada nueva ventana: Wish Rose Online          [ Alice ]
2025-06-22 23:15:33 - Ventana HWND 0xa0b96
2025-06-22 23:15:33 - Ventana PID 26512
2025-06-22 23:15:33 - Ventana Title [ Alice ]
2025-06-22 23:15:33 - Ventana Class classROSE
2025-06-22 23:15:33 - Ventana Order 1
2025-06-22 23:15:33 - -------------------------
2025-06-22 23:15:33 - size Panel bottom: 800
2025-06-22 23:17:51 - === ROSE Multibox Debug Console (UTF-8) ===
2025-06-22 23:17:51 - Constructor WindowManager con parámetros
2025-06-22 23:17:52 - Cargar Ventanas de ROSE
2025-06-22 23:17:52 - Buscando ventanas de ROSE...
2025-06-22 23:17:52 - Buscando ventanas con clase: classROSE
2025-06-22 23:17:52 - Buscando ventanas con clase: classCLIENT
2025-06-22 23:17:52 - Buscando ventanas con clase: classAMETHYST
2025-06-22 23:17:52 - Buscando ventanas con clase: classCodeZero
2025-06-22 23:17:52 - Buscando ventanas con clase: Arua
2025-06-22 23:17:52 - Añadida ventana: Wish Rose Online          [ Alice ]
2025-06-22 23:17:52 - Registrada nueva ventana: Wish Rose Online          [ Alice ]
2025-06-22 23:17:52 - Ventana HWND 0xa0b96
2025-06-22 23:17:52 - Ventana PID 26512
2025-06-22 23:17:52 - Ventana Title [ Alice ]
2025-06-22 23:17:52 - Ventana Class classROSE
2025-06-22 23:17:52 - Ventana Order 1
2025-06-22 23:17:52 - -------------------------
2025-06-22 23:17:52 - size Panel bottom: 800
2025-06-22 23:17:52 - Ancho real del panel padre: 800
2025-06-22 23:18:19 - === ROSE Multibox Debug Console (UTF-8) ===
2025-06-22 23:18:19 - Constructor WindowManager con parámetros
2025-06-22 23:18:21 - Cargar Ventanas de ROSE
2025-06-22 23:18:21 - Buscando ventanas de ROSE...
2025-06-22 23:18:21 - Buscando ventanas con clase: classROSE
2025-06-22 23:18:21 - Buscando ventanas con clase: classCLIENT
2025-06-22 23:18:21 - Buscando ventanas con clase: classAMETHYST
2025-06-22 23:18:21 - Buscando ventanas con clase: classCodeZero
2025-06-22 23:18:21 - Buscando ventanas con clase: Arua
2025-06-22 23:18:21 - Añadida ventana: Wish Rose Online          [ Alice ]
2025-06-22 23:18:21 - Registrada nueva ventana: Wish Rose Online          [ Alice ]
2025-06-22 23:18:21 - Ventana HWND 0xa0b96
2025-06-22 23:18:21 - Ventana PID 26512
2025-06-22 23:18:21 - Ventana Title [ Alice ]
2025-06-22 23:18:21 - Ventana Class classROSE
2025-06-22 23:18:21 - Ventana Order 1
2025-06-22 23:18:21 - -------------------------
2025-06-22 23:18:21 - size Panel bottom: 800
2025-06-22 23:18:21 - Ancho real del panel padre: 800
2025-06-22 23:19:13 - === ROSE Multibox Debug Console (UTF-8) ===
2025-06-22 23:19:13 - Constructor WindowManager con parámetros
2025-06-22 23:19:14 - Cargar Ventanas de ROSE
2025-06-22 23:19:14 - Buscando ventanas de ROSE...
2025-06-22 23:19:14 - Buscando ventanas con clase: classROSE
2025-06-22 23:19:14 - Buscando ventanas con clase: classCLIENT
2025-06-22 23:19:14 - Buscando ventanas con clase: classAMETHYST
2025-06-22 23:19:14 - Buscando ventanas con clase: classCodeZero
2025-06-22 23:19:14 - Buscando ventanas con clase: Arua
2025-06-22 23:19:14 - Añadida ventana: Wish Rose Online          [ Alice ]
2025-06-22 23:19:14 - Registrada nueva ventana: Wish Rose Online          [ Alice ]
2025-06-22 23:19:14 - Ventana HWND 0xa0b96
2025-06-22 23:19:14 - Ventana PID 26512
2025-06-22 23:19:14 - Ventana Title [ Alice ]
2025-06-22 23:19:14 - Ventana Class classROSE
2025-06-22 23:19:14 - Ventana Order 1
2025-06-22 23:19:14 - -------------------------
2025-06-22 23:19:14 - size Panel bottom: 800
2025-06-22 23:19:14 - Ancho real del panel padre: 800
2025-06-22 23:19:14 - Ancho del panel: 760
2025-06-22 23:21:36 - === ROSE Multibox Debug Console (UTF-8) ===
2025-06-22 23:21:36 - Constructor WindowManager con parámetros
2025-06-22 23:21:37 - Cargar Ventanas de ROSE
2025-06-22 23:21:37 - Buscando ventanas de ROSE...
2025-06-22 23:21:37 - Buscando ventanas con clase: classROSE
2025-06-22 23:21:37 - Buscando ventanas con clase: classCLIENT
2025-06-22 23:21:37 - Buscando ventanas con clase: classAMETHYST
2025-06-22 23:21:37 - Buscando ventanas con clase: classCodeZero
2025-06-22 23:21:37 - Buscando ventanas con clase: Arua
2025-06-22 23:21:37 - Añadida ventana: Wish Rose Online          [ Alice ]
2025-06-22 23:21:37 - Registrada nueva ventana: Wish Rose Online          [ Alice ]
2025-06-22 23:21:37 - Ventana HWND 0xa0b96
2025-06-22 23:21:37 - Ventana PID 26512
2025-06-22 23:21:37 - Ventana Title [ Alice ]
2025-06-22 23:21:37 - Ventana Class classROSE
2025-06-22 23:21:37 - Ventana Order 1
2025-06-22 23:21:37 - -------------------------
2025-06-22 23:21:37 - size Panel bottom: 800
2025-06-22 23:21:37 - Ancho real del panel padre: 800
2025-06-22 23:21:37 - Ancho del panel: 740
2025-06-22 23:22:00 - === ROSE Multibox Debug Console (UTF-8) ===
2025-06-22 23:22:00 - Constructor WindowManager con parámetros
2025-06-22 23:22:01 - Cargar Ventanas de ROSE
2025-06-22 23:22:01 - Buscando ventanas de ROSE...
2025-06-22 23:22:01 - Buscando ventanas con clase: classROSE
2025-06-22 23:22:01 - Buscando ventanas con clase: classCLIENT
2025-06-22 23:22:01 - Buscando ventanas con clase: classAMETHYST
2025-06-22 23:22:01 - Buscando ventanas con clase: classCodeZero
2025-06-22 23:22:01 - Buscando ventanas con clase: Arua
2025-06-22 23:22:01 - Añadida ventana: Wish Rose Online          [ Alice ]
2025-06-22 23:22:01 - Registrada nueva ventana: Wish Rose Online          [ Alice ]
2025-06-22 23:22:01 - Ventana HWND 0xa0b96
2025-06-22 23:22:01 - Ventana PID 26512
2025-06-22 23:22:01 - Ventana Title [ Alice ]
2025-06-22 23:22:01 - Ventana Class classROSE
2025-06-22 23:22:01 - Ventana Order 1
2025-06-22 23:22:01 - -------------------------
2025-06-22 23:22:01 - size Panel bottom: 800
2025-06-22 23:22:01 - Ancho real del panel padre: 800
2025-06-22 23:22:01 - Ancho del panel: 750
2025-06-22 23:22:19 - === ROSE Multibox Debug Console (UTF-8) ===
2025-06-22 23:22:19 - Constructor WindowManager con parámetros
2025-06-22 23:22:20 - Cargar Ventanas de ROSE
2025-06-22 23:22:20 - Buscando ventanas de ROSE...
2025-06-22 23:22:20 - Buscando ventanas con clase: classROSE
2025-06-22 23:22:20 - Buscando ventanas con clase: classCLIENT
2025-06-22 23:22:20 - Buscando ventanas con clase: classAMETHYST
2025-06-22 23:22:20 - Buscando ventanas con clase: classCodeZero
2025-06-22 23:22:20 - Buscando ventanas con clase: Arua
2025-06-22 23:22:20 - Añadida ventana: Wish Rose Online          [ Alice ]
2025-06-22 23:22:20 - Registrada nueva ventana: Wish Rose Online          [ Alice ]
2025-06-22 23:22:20 - Ventana HWND 0xa0b96
2025-06-22 23:22:20 - Ventana PID 26512
2025-06-22 23:22:20 - Ventana Title [ Alice ]
2025-06-22 23:22:20 - Ventana Class classROSE
2025-06-22 23:22:20 - Ventana Order 1
2025-06-22 23:22:20 - -------------------------
2025-06-22 23:22:20 - size Panel bottom: 800
2025-06-22 23:22:20 - Ancho real del panel padre: 800
2025-06-22 23:22:20 - Ancho del panel: 745
2025-06-22 23:22:58 - === ROSE Multibox Debug Console (UTF-8) ===
2025-06-22 23:22:58 - Constructor WindowManager con parámetros
2025-06-22 23:22:59 - Cargar Ventanas de ROSE
2025-06-22 23:22:59 - Buscando ventanas de ROSE...
2025-06-22 23:22:59 - Buscando ventanas con clase: classROSE
2025-06-22 23:22:59 - Buscando ventanas con clase: classCLIENT
2025-06-22 23:22:59 - Buscando ventanas con clase: classAMETHYST
2025-06-22 23:22:59 - Buscando ventanas con clase: classCodeZero
2025-06-22 23:22:59 - Buscando ventanas con clase: Arua
2025-06-22 23:22:59 - Añadida ventana: Wish Rose Online          [ Alice ]
2025-06-22 23:22:59 - Registrada nueva ventana: Wish Rose Online          [ Alice ]
2025-06-22 23:22:59 - Ventana HWND 0xa0b96
2025-06-22 23:22:59 - Ventana PID 26512
2025-06-22 23:22:59 - Ventana Title [ Alice ]
2025-06-22 23:22:59 - Ventana Class classROSE
2025-06-22 23:22:59 - Ventana Order 1
2025-06-22 23:22:59 - -------------------------
2025-06-22 23:22:59 - size Panel bottom: 800
2025-06-22 23:22:59 - Ancho real del panel padre: 800
2025-06-22 23:22:59 - Ancho del panel: 744
2025-06-22 23:23:46 - === ROSE Multibox Debug Console (UTF-8) ===
2025-06-22 23:23:46 - Constructor WindowManager con parámetros
2025-06-22 23:23:47 - Cargar Ventanas de ROSE
2025-06-22 23:23:47 - Buscando ventanas de ROSE...
2025-06-22 23:23:47 - Buscando ventanas con clase: classROSE
2025-06-22 23:23:47 - Buscando ventanas con clase: classCLIENT
2025-06-22 23:23:47 - Buscando ventanas con clase: classAMETHYST
2025-06-22 23:23:47 - Buscando ventanas con clase: classCodeZero
2025-06-22 23:23:47 - Buscando ventanas con clase: Arua
2025-06-22 23:23:47 - Añadida ventana: Wish Rose Online          [ Alice ]
2025-06-22 23:23:47 - Registrada nueva ventana: Wish Rose Online          [ Alice ]
2025-06-22 23:23:47 - Ventana HWND 0xa0b96
2025-06-22 23:23:47 - Ventana PID 26512
2025-06-22 23:23:47 - Ventana Title [ Alice ]
2025-06-22 23:23:47 - Ventana Class classROSE
2025-06-22 23:23:47 - Ventana Order 1
2025-06-22 23:23:47 - -------------------------
2025-06-22 23:31:52 - === ROSE Multibox Debug Console (UTF-8) ===
2025-06-22 23:31:52 - Constructor WindowManager con parámetros
2025-06-22 23:31:53 - Cargar Ventanas de ROSE
2025-06-22 23:31:53 - Buscando ventanas de ROSE...
2025-06-22 23:31:53 - Buscando ventanas con clase: classROSE
2025-06-22 23:31:53 - Buscando ventanas con clase: classCLIENT
2025-06-22 23:31:53 - Buscando ventanas con clase: classAMETHYST
2025-06-22 23:31:53 - Buscando ventanas con clase: classCodeZero
2025-06-22 23:31:53 - Buscando ventanas con clase: Arua
2025-06-22 23:31:53 - Añadida ventana: Wish Rose Online          [ Alice ]
2025-06-22 23:31:53 - Registrada nueva ventana: Wish Rose Online          [ Alice ]
2025-06-22 23:31:53 - Ventana HWND 0xa0b96
2025-06-22 23:31:53 - Ventana PID 26512
2025-06-22 23:31:53 - Ventana Title [ Alice ]
2025-06-22 23:31:53 - Ventana Class classROSE
2025-06-22 23:31:53 - Ventana Order 1
2025-06-22 23:31:53 - -------------------------
2025-06-22 23:37:30 - === ROSE Multibox Debug Console (UTF-8) ===
2025-06-22 23:37:30 - Constructor WindowManager con parámetros
2025-06-22 23:37:31 - Cargar Ventanas de ROSE
2025-06-22 23:37:31 - Buscando ventanas de ROSE...
2025-06-22 23:37:31 - Buscando ventanas con clase: classROSE
2025-06-22 23:37:31 - Buscando ventanas con clase: classCLIENT
2025-06-22 23:37:31 - Buscando ventanas con clase: classAMETHYST
2025-06-22 23:37:31 - Buscando ventanas con clase: classCodeZero
2025-06-22 23:37:31 - Buscando ventanas con clase: Arua
2025-06-22 23:37:31 - Añadida ventana: Wish Rose Online          [ Alice ]
2025-06-22 23:37:31 - Registrada nueva ventana: Wish Rose Online          [ Alice ]
2025-06-22 23:37:31 - Ventana HWND 0xa0b96
2025-06-22 23:37:31 - Ventana PID 26512
2025-06-22 23:37:31 - Ventana Title [ Alice ]
2025-06-22 23:37:31 - Ventana Class classROSE
2025-06-22 23:37:31 - Ventana Order 1
2025-06-22 23:37:31 - -------------------------
2025-06-22 23:38:42 - === ROSE Multibox Debug Console (UTF-8) ===
2025-06-22 23:38:42 - Constructor WindowManager con parámetros
2025-06-22 23:38:43 - Cargar Ventanas de ROSE
2025-06-22 23:38:43 - Buscando ventanas de ROSE...
2025-06-22 23:38:43 - Buscando ventanas con clase: classROSE
2025-06-22 23:38:43 - Buscando ventanas con clase: classCLIENT
2025-06-22 23:38:43 - Buscando ventanas con clase: classAMETHYST
2025-06-22 23:38:43 - Buscando ventanas con clase: classCodeZero
2025-06-22 23:38:43 - Buscando ventanas con clase: Arua
2025-06-22 23:38:43 - Añadida ventana: Wish Rose Online          [ Alice ]
2025-06-22 23:38:43 - Registrada nueva ventana: Wish Rose Online          [ Alice ]
2025-06-22 23:38:43 - Ventana HWND 0xa0b96
2025-06-22 23:38:43 - Ventana PID 26512
2025-06-22 23:38:43 - Ventana Title [ Alice ]
2025-06-22 23:38:43 - Ventana Class classROSE
2025-06-22 23:38:43 - Ventana Order 1
2025-06-22 23:38:43 - -------------------------
2025-06-22 23:40:19 - === ROSE Multibox Debug Console (UTF-8) ===
2025-06-22 23:40:19 - Constructor WindowManager con parámetros
2025-06-22 23:40:20 - Cargar Ventanas de ROSE
2025-06-22 23:40:20 - Buscando ventanas de ROSE...
2025-06-22 23:40:20 - Buscando ventanas con clase: classROSE
2025-06-22 23:40:20 - Buscando ventanas con clase: classCLIENT
2025-06-22 23:40:20 - Buscando ventanas con clase: classAMETHYST
2025-06-22 23:40:20 - Buscando ventanas con clase: classCodeZero
2025-06-22 23:40:20 - Buscando ventanas con clase: Arua
2025-06-22 23:40:20 - Añadida ventana: Wish Rose Online          [ Alice ]
2025-06-22 23:40:20 - Registrada nueva ventana: Wish Rose Online          [ Alice ]
2025-06-22 23:40:20 - Ventana HWND 0xa0b96
2025-06-22 23:40:20 - Ventana PID 26512
2025-06-22 23:40:20 - Ventana Title [ Alice ]
2025-06-22 23:40:20 - Ventana Class classROSE
2025-06-22 23:40:20 - Ventana Order 1
2025-06-22 23:40:20 - -------------------------
2025-06-22 23:41:48 - === ROSE Multibox Debug Console (UTF-8) ===
2025-06-22 23:41:48 - Constructor WindowManager con parámetros
2025-06-22 23:41:49 - Cargar Ventanas de ROSE
2025-06-22 23:41:49 - Buscando ventanas de ROSE...
2025-06-22 23:41:49 - Buscando ventanas con clase: classROSE
2025-06-22 23:41:49 - Buscando ventanas con clase: classCLIENT
2025-06-22 23:41:49 - Buscando ventanas con clase: classAMETHYST
2025-06-22 23:41:49 - Buscando ventanas con clase: classCodeZero
2025-06-22 23:41:49 - Buscando ventanas con clase: Arua
2025-06-22 23:41:49 - Añadida ventana: Wish Rose Online          [ Alice ]
2025-06-22 23:41:49 - Registrada nueva ventana: Wish Rose Online          [ Alice ]
2025-06-22 23:41:49 - Ventana HWND 0xa0b96
2025-06-22 23:41:49 - Ventana PID 26512
2025-06-22 23:41:49 - Ventana Title [ Alice ]
2025-06-22 23:41:49 - Ventana Class classROSE
2025-06-22 23:41:49 - Ventana Order 1
2025-06-22 23:41:49 - -------------------------
2025-06-22 23:41:49 - Ancho del checkbox de Bucle: 100
2025-06-22 23:41:49 - Posición del checkbox de SyncKeys: 225
2025-06-22 23:41:49 - Ancho del checkbox de SyncKeys: 100
2025-06-22 23:41:49 - Posición del checkbox de AutoAttackMobs: 335
2025-06-22 23:44:05 - === ROSE Multibox Debug Console (UTF-8) ===
2025-06-22 23:44:05 - Constructor WindowManager con parámetros
2025-06-22 23:44:06 - Cargar Ventanas de ROSE
2025-06-22 23:44:06 - Buscando ventanas de ROSE...
2025-06-22 23:44:06 - Buscando ventanas con clase: classROSE
2025-06-22 23:44:06 - Buscando ventanas con clase: classCLIENT
2025-06-22 23:44:06 - Buscando ventanas con clase: classAMETHYST
2025-06-22 23:44:06 - Buscando ventanas con clase: classCodeZero
2025-06-22 23:44:06 - Buscando ventanas con clase: Arua
2025-06-22 23:44:06 - Añadida ventana: Wish Rose Online          [ Alice ]
2025-06-22 23:44:06 - Registrada nueva ventana: Wish Rose Online          [ Alice ]
2025-06-22 23:44:06 - Ventana HWND 0xa0b96
2025-06-22 23:44:06 - Ventana PID 26512
2025-06-22 23:44:06 - Ventana Title [ Alice ]
2025-06-22 23:44:06 - Ventana Class classROSE
2025-06-22 23:44:06 - Ventana Order 1
2025-06-22 23:44:06 - -------------------------
2025-06-22 23:44:06 - Ancho del checkbox de Bucle: 100
2025-06-22 23:44:06 - Posición del checkbox de SyncKeys: 225
2025-06-22 23:44:06 - Ancho del checkbox de SyncKeys: 100
2025-06-22 23:44:06 - Posición del checkbox de AutoAttackMobs: 335
2025-06-22 23:44:06 - Ancho del checkbox de AutoAttackMobs: 100
2025-06-22 23:44:53 - === ROSE Multibox Debug Console (UTF-8) ===
2025-06-22 23:44:53 - Constructor WindowManager con parámetros
2025-06-22 23:44:54 - Cargar Ventanas de ROSE
2025-06-22 23:44:54 - Buscando ventanas de ROSE...
2025-06-22 23:44:54 - Buscando ventanas con clase: classROSE
2025-06-22 23:44:54 - Buscando ventanas con clase: classCLIENT
2025-06-22 23:44:54 - Buscando ventanas con clase: classAMETHYST
2025-06-22 23:44:54 - Buscando ventanas con clase: classCodeZero
2025-06-22 23:44:54 - Buscando ventanas con clase: Arua
2025-06-22 23:44:54 - Añadida ventana: Wish Rose Online          [ Alice ]
2025-06-22 23:44:54 - Registrada nueva ventana: Wish Rose Online          [ Alice ]
2025-06-22 23:44:54 - Ventana HWND 0xa0b96
2025-06-22 23:44:54 - Ventana PID 26512
2025-06-22 23:44:54 - Ventana Title [ Alice ]
2025-06-22 23:44:54 - Ventana Class classROSE
2025-06-22 23:44:54 - Ventana Order 1
2025-06-22 23:44:54 - -------------------------
2025-06-22 23:44:54 - Ancho del checkbox de Bucle: 60
2025-06-22 23:44:54 - Posición del checkbox de SyncKeys: 185
2025-06-22 23:44:54 - Ancho del checkbox de SyncKeys: 60
2025-06-22 23:44:54 - Posición del checkbox de AutoAttackMobs: 255
2025-06-22 23:44:54 - Ancho del checkbox de AutoAttackMobs: 120
2025-06-22 23:45:28 - === ROSE Multibox Debug Console (UTF-8) ===
2025-06-22 23:45:28 - Constructor WindowManager con parámetros
2025-06-22 23:45:29 - Cargar Ventanas de ROSE
2025-06-22 23:45:29 - Buscando ventanas de ROSE...
2025-06-22 23:45:29 - Buscando ventanas con clase: classROSE
2025-06-22 23:45:29 - Buscando ventanas con clase: classCLIENT
2025-06-22 23:45:29 - Buscando ventanas con clase: classAMETHYST
2025-06-22 23:45:29 - Buscando ventanas con clase: classCodeZero
2025-06-22 23:45:29 - Buscando ventanas con clase: Arua
2025-06-22 23:45:29 - Añadida ventana: Wish Rose Online          [ Alice ]
2025-06-22 23:45:29 - Registrada nueva ventana: Wish Rose Online          [ Alice ]
2025-06-22 23:45:29 - Ventana HWND 0xa0b96
2025-06-22 23:45:29 - Ventana PID 26512
2025-06-22 23:45:29 - Ventana Title [ Alice ]
2025-06-22 23:45:29 - Ventana Class classROSE
2025-06-22 23:45:29 - Ventana Order 1
2025-06-22 23:45:29 - -------------------------
2025-06-22 23:45:29 - Ancho del checkbox de Bucle: 70
2025-06-22 23:45:29 - Posición del checkbox de SyncKeys: 195
2025-06-22 23:45:29 - Ancho del checkbox de SyncKeys: 70
2025-06-22 23:45:29 - Posición del checkbox de AutoAttackMobs: 275
2025-06-22 23:45:29 - Ancho del checkbox de AutoAttackMobs: 130
2025-06-22 23:46:01 - === ROSE Multibox Debug Console (UTF-8) ===
2025-06-22 23:46:02 - Constructor WindowManager con parámetros
2025-06-22 23:46:02 - Cargar Ventanas de ROSE
2025-06-22 23:46:02 - Buscando ventanas de ROSE...
2025-06-22 23:46:02 - Buscando ventanas con clase: classROSE
2025-06-22 23:46:02 - Buscando ventanas con clase: classCLIENT
2025-06-22 23:46:02 - Buscando ventanas con clase: classAMETHYST
2025-06-22 23:46:02 - Buscando ventanas con clase: classCodeZero
2025-06-22 23:46:02 - Buscando ventanas con clase: Arua
2025-06-22 23:46:02 - Añadida ventana: Wish Rose Online          [ Alice ]
2025-06-22 23:46:02 - Registrada nueva ventana: Wish Rose Online          [ Alice ]
2025-06-22 23:46:02 - Ventana HWND 0xa0b96
2025-06-22 23:46:02 - Ventana PID 26512
2025-06-22 23:46:02 - Ventana Title [ Alice ]
2025-06-22 23:46:02 - Ventana Class classROSE
2025-06-22 23:46:02 - Ventana Order 1
2025-06-22 23:46:02 - -------------------------
2025-06-22 23:46:02 - Ancho del checkbox de Bucle: 70
2025-06-22 23:46:02 - Posición del checkbox de SyncKeys: 195
2025-06-22 23:46:02 - Ancho del checkbox de SyncKeys: 90
2025-06-22 23:46:02 - Posición del checkbox de AutoAttackMobs: 295
2025-06-22 23:46:02 - Ancho del checkbox de AutoAttackMobs: 130
2025-06-22 23:46:58 - Cargar Ventanas de ROSE
2025-06-22 23:46:58 - Lista de ventanas reiniciada
2025-06-22 23:46:58 - Buscando ventanas de ROSE...
2025-06-22 23:46:58 - Buscando ventanas con clase: classROSE
2025-06-22 23:46:58 - Buscando ventanas con clase: classCLIENT
2025-06-22 23:46:58 - Buscando ventanas con clase: classAMETHYST
2025-06-22 23:46:58 - Buscando ventanas con clase: classCodeZero
2025-06-22 23:46:58 - Buscando ventanas con clase: Arua
2025-06-22 23:46:58 - Añadida ventana: Wish Rose Online          [ Clariant ]
2025-06-22 23:46:58 - Registrada nueva ventana: Wish Rose Online          [ Clariant ]
2025-06-22 23:46:58 - Añadida ventana: Wish Rose Online          [ Alice ]
2025-06-22 23:46:58 - Registrada nueva ventana: Wish Rose Online          [ Alice ]
2025-06-22 23:46:58 - Ventana HWND 0x1b0e62
2025-06-22 23:46:58 - Ventana PID 2256
2025-06-22 23:46:58 - Ventana Title [ Clariant ]
2025-06-22 23:46:58 - Ventana Class classROSE
2025-06-22 23:46:58 - Ventana Order 1
2025-06-22 23:46:58 - -------------------------
2025-06-22 23:46:58 - Ancho del checkbox de Bucle: 70
2025-06-22 23:46:58 - Posición del checkbox de SyncKeys: 210
2025-06-22 23:46:58 - Ancho del checkbox de SyncKeys: 90
2025-06-22 23:46:58 - Posición del checkbox de AutoAttackMobs: 310
2025-06-22 23:46:58 - Ancho del checkbox de AutoAttackMobs: 130
2025-06-22 23:46:58 - Ventana HWND 0xa0b96
2025-06-22 23:46:58 - Ventana PID 26512
2025-06-22 23:46:58 - Ventana Title [ Alice ]
2025-06-22 23:46:58 - Ventana Class classROSE
2025-06-22 23:46:58 - Ventana Order 2
2025-06-22 23:46:58 - -------------------------
2025-06-22 23:46:58 - Ancho del checkbox de Bucle: 70
2025-06-22 23:46:58 - Posición del checkbox de SyncKeys: 195
2025-06-22 23:46:58 - Ancho del checkbox de SyncKeys: 90
2025-06-22 23:46:58 - Posición del checkbox de AutoAttackMobs: 295
2025-06-22 23:46:58 - Ancho del checkbox de AutoAttackMobs: 130
2025-06-22 23:53:54 - === ROSE Multibox Debug Console (UTF-8) ===
2025-06-22 23:53:54 - Constructor WindowManager con parámetros
2025-06-22 23:53:55 - Cargar Ventanas de ROSE
2025-06-22 23:53:55 - Buscando ventanas de ROSE...
2025-06-22 23:53:55 - Buscando ventanas con clase: classROSE
2025-06-22 23:53:55 - Buscando ventanas con clase: classCLIENT
2025-06-22 23:53:55 - Buscando ventanas con clase: classAMETHYST
2025-06-22 23:53:55 - Buscando ventanas con clase: classCodeZero
2025-06-22 23:53:55 - Buscando ventanas con clase: Arua
2025-06-22 23:53:55 - Añadida ventana: Wish Rose Online          [ Clariant ]
2025-06-22 23:53:55 - Registrada nueva ventana: Wish Rose Online          [ Clariant ]
2025-06-22 23:53:55 - Añadida ventana: Wish Rose Online          [ Alice ]
2025-06-22 23:53:55 - Registrada nueva ventana: Wish Rose Online          [ Alice ]
2025-06-22 23:53:55 - Ventana HWND 0x1b0e62
2025-06-22 23:53:55 - Ventana PID 2256
2025-06-22 23:53:55 - Ventana Title [ Clariant ]
2025-06-22 23:53:55 - Ventana Class classROSE
2025-06-22 23:53:55 - Ventana Order 1
2025-06-22 23:53:55 - -------------------------
2025-06-22 23:53:55 - Ancho del botón de ventana: 76
2025-06-22 23:53:55 - Ancho del checkbox de Bucle: 70
2025-06-22 23:53:55 - Posición del checkbox de SyncKeys: 196
2025-06-22 23:53:55 - Ancho del checkbox de SyncKeys: 90
2025-06-22 23:53:55 - Posición del checkbox de AutoAttackMobs: 296
2025-06-22 23:53:55 - Ancho del checkbox de AutoAttackMobs: 130
2025-06-22 23:53:55 - Ventana HWND 0xa0b96
2025-06-22 23:53:55 - Ventana PID 26512
2025-06-22 23:53:55 - Ventana Title [ Alice ]
2025-06-22 23:53:55 - Ventana Class classROSE
2025-06-22 23:53:55 - Ventana Order 2
2025-06-22 23:53:55 - -------------------------
2025-06-22 23:53:55 - Ancho del botón de ventana: 75
2025-06-22 23:53:55 - Ancho del checkbox de Bucle: 70
2025-06-22 23:53:55 - Posición del checkbox de SyncKeys: 195
2025-06-22 23:53:55 - Ancho del checkbox de SyncKeys: 90
2025-06-22 23:53:55 - Posición del checkbox de AutoAttackMobs: 295
2025-06-22 23:53:55 - Ancho del checkbox de AutoAttackMobs: 130
2025-06-22 23:57:39 - === ROSE Multibox Debug Console (UTF-8) ===
2025-06-22 23:57:39 - Constructor WindowManager con parámetros
2025-06-22 23:57:40 - Cargar Ventanas de ROSE
2025-06-22 23:57:40 - Buscando ventanas de ROSE...
2025-06-22 23:57:40 - Buscando ventanas con clase: classROSE
2025-06-22 23:57:40 - Buscando ventanas con clase: classCLIENT
2025-06-22 23:57:40 - Buscando ventanas con clase: classAMETHYST
2025-06-22 23:57:40 - Buscando ventanas con clase: classCodeZero
2025-06-22 23:57:40 - Buscando ventanas con clase: Arua
2025-06-22 23:57:40 - Añadida ventana: Wish Rose Online          [ Clariant ]
2025-06-22 23:57:40 - Registrada nueva ventana: Wish Rose Online          [ Clariant ]
2025-06-22 23:57:40 - Añadida ventana: Wish Rose Online          [ Alice ]
2025-06-22 23:57:40 - Registrada nueva ventana: Wish Rose Online          [ Alice ]
2025-06-22 23:57:40 - Ventana HWND 0x1b0e62
2025-06-22 23:57:40 - Ventana PID 2256
2025-06-22 23:57:40 - Ventana Title [ Clariant ]
2025-06-22 23:57:40 - Ventana Class classROSE
2025-06-22 23:57:40 - Ventana Order 1
2025-06-22 23:57:40 - -------------------------
2025-06-22 23:57:40 - Ancho del botón de ventana: 76
2025-06-22 23:57:40 - Ancho del checkbox de Bucle: 70
2025-06-22 23:57:40 - Posición del checkbox de SyncKeys: 196
2025-06-22 23:57:40 - Ancho del checkbox de SyncKeys: 90
2025-06-22 23:57:40 - Posición del checkbox de AutoAttackMobs: 296
2025-06-22 23:57:40 - Ancho del checkbox de AutoAttackMobs: 130
2025-06-22 23:57:40 - Ventana HWND 0xa0b96
2025-06-22 23:57:40 - Ventana PID 26512
2025-06-22 23:57:40 - Ventana Title [ Alice ]
2025-06-22 23:57:40 - Ventana Class classROSE
2025-06-22 23:57:40 - Ventana Order 2
2025-06-22 23:57:40 - -------------------------
2025-06-22 23:57:40 - Ancho del botón de ventana: 75
2025-06-22 23:57:40 - Ancho del checkbox de Bucle: 70
2025-06-22 23:57:40 - Posición del checkbox de SyncKeys: 195
2025-06-22 23:57:40 - Ancho del checkbox de SyncKeys: 90
2025-06-22 23:57:40 - Posición del checkbox de AutoAttackMobs: 295
2025-06-22 23:57:40 - Ancho del checkbox de AutoAttackMobs: 130
2025-06-23 00:01:36 - === ROSE Multibox Debug Console (UTF-8) ===
2025-06-23 00:01:36 - Constructor WindowManager con parámetros
2025-06-23 00:01:37 - Cargar Ventanas de ROSE
2025-06-23 00:01:37 - Buscando ventanas de ROSE...
2025-06-23 00:01:37 - Buscando ventanas con clase: classROSE
2025-06-23 00:01:37 - Buscando ventanas con clase: classCLIENT
2025-06-23 00:01:37 - Buscando ventanas con clase: classAMETHYST
2025-06-23 00:01:37 - Buscando ventanas con clase: classCodeZero
2025-06-23 00:01:37 - Buscando ventanas con clase: Arua
2025-06-23 00:01:37 - Añadida ventana: Wish Rose Online          [ Clariant ]
2025-06-23 00:01:37 - Registrada nueva ventana: Wish Rose Online          [ Clariant ]
2025-06-23 00:01:37 - Añadida ventana: Wish Rose Online          [ Alice ]
2025-06-23 00:01:37 - Registrada nueva ventana: Wish Rose Online          [ Alice ]
2025-06-23 00:01:37 - Ventana HWND 0x1b0e62
2025-06-23 00:01:37 - Ventana PID 2256
2025-06-23 00:01:37 - Ventana Title [ Clariant ]
2025-06-23 00:01:37 - Ventana Class classROSE
2025-06-23 00:01:37 - Ventana Order 1
2025-06-23 00:01:37 - -------------------------
2025-06-23 00:01:37 - Ancho del botón de ventana: 105
2025-06-23 00:01:37 - Ancho del checkbox de Bucle: 70
2025-06-23 00:01:37 - Posición del checkbox de SyncKeys: 225
2025-06-23 00:01:37 - Ancho del checkbox de SyncKeys: 90
2025-06-23 00:01:37 - Posición del checkbox de AutoAttackMobs: 325
2025-06-23 00:01:37 - Ancho del checkbox de AutoAttackMobs: 130
2025-06-23 00:01:37 - Ventana HWND 0xa0b96
2025-06-23 00:01:37 - Ventana PID 26512
2025-06-23 00:01:37 - Ventana Title [ Alice ]
2025-06-23 00:01:37 - Ventana Class classROSE
2025-06-23 00:01:37 - Ventana Order 2
2025-06-23 00:01:37 - -------------------------
2025-06-23 00:01:37 - Ancho del botón de ventana: 90
2025-06-23 00:01:37 - Ancho del checkbox de Bucle: 70
2025-06-23 00:01:37 - Posición del checkbox de SyncKeys: 210
2025-06-23 00:01:37 - Ancho del checkbox de SyncKeys: 90
2025-06-23 00:01:37 - Posición del checkbox de AutoAttackMobs: 310
2025-06-23 00:01:37 - Ancho del checkbox de AutoAttackMobs: 130
2025-06-23 00:06:21 - === ROSE Multibox Debug Console (UTF-8) ===
2025-06-23 00:06:21 - Constructor WindowManager con parámetros
2025-06-23 00:06:22 - Cargar Ventanas de ROSE
2025-06-23 00:06:22 - Buscando ventanas de ROSE...
2025-06-23 00:06:22 - Buscando ventanas con clase: classROSE
2025-06-23 00:06:22 - Buscando ventanas con clase: classCLIENT
2025-06-23 00:06:22 - Buscando ventanas con clase: classAMETHYST
2025-06-23 00:06:22 - Buscando ventanas con clase: classCodeZero
2025-06-23 00:06:22 - Buscando ventanas con clase: Arua
2025-06-23 00:06:22 - Añadida ventana: Wish Rose Online          [ Alice ]
2025-06-23 00:06:22 - Registrada nueva ventana: Wish Rose Online          [ Alice ]
2025-06-23 00:06:22 - Añadida ventana: Wish Rose Online          [ Clariant ]
2025-06-23 00:06:22 - Registrada nueva ventana: Wish Rose Online          [ Clariant ]
2025-06-23 00:06:22 - Ventana HWND 0xa0b96
2025-06-23 00:06:22 - Ventana PID 26512
2025-06-23 00:06:22 - Ventana Title [ Alice ]
2025-06-23 00:06:22 - Ventana Class classROSE
2025-06-23 00:06:22 - Ventana Order 1
2025-06-23 00:06:22 - -------------------------
2025-06-23 00:06:22 - Ancho del botón de ventana: 90
2025-06-23 00:06:22 - Ancho del checkbox de Bucle: 70
2025-06-23 00:06:22 - Posición del checkbox de SyncKeys: 210
2025-06-23 00:06:22 - Ancho del checkbox de SyncKeys: 90
2025-06-23 00:06:22 - Posición del checkbox de AutoAttackMobs: 310
2025-06-23 00:06:22 - Ancho del checkbox de AutoAttackMobs: 130
2025-06-23 00:06:22 - Ventana HWND 0x1b0e62
2025-06-23 00:06:22 - Ventana PID 2256
2025-06-23 00:06:22 - Ventana Title [ Clariant ]
2025-06-23 00:06:22 - Ventana Class classROSE
2025-06-23 00:06:22 - Ventana Order 2
2025-06-23 00:06:22 - -------------------------
2025-06-23 00:06:22 - Ancho del botón de ventana: 105
2025-06-23 00:06:22 - Ancho del checkbox de Bucle: 70
2025-06-23 00:06:22 - Posición del checkbox de SyncKeys: 225
2025-06-23 00:06:22 - Ancho del checkbox de SyncKeys: 90
2025-06-23 00:06:22 - Posición del checkbox de AutoAttackMobs: 325
2025-06-23 00:06:22 - Ancho del checkbox de AutoAttackMobs: 130
2025-06-23 00:23:29 - Cargar Ventanas de ROSE
2025-06-23 00:23:29 - Lista de ventanas reiniciada
2025-06-23 00:23:29 - Buscando ventanas de ROSE...
2025-06-23 00:23:29 - Buscando ventanas con clase: classROSE
2025-06-23 00:23:29 - Buscando ventanas con clase: classCLIENT
2025-06-23 00:23:29 - Buscando ventanas con clase: classAMETHYST
2025-06-23 00:23:29 - Buscando ventanas con clase: classCodeZero
2025-06-23 00:23:29 - Buscando ventanas con clase: Arua
2025-06-23 00:23:29 - Añadida ventana: Wish Rose Online          [ Clariant ]
2025-06-23 00:23:29 - Registrada nueva ventana: Wish Rose Online          [ Clariant ]
2025-06-23 00:23:29 - Añadida ventana: Wish Rose Online          [ Alice ]
2025-06-23 00:23:29 - Registrada nueva ventana: Wish Rose Online          [ Alice ]
2025-06-23 00:23:29 - Ventana HWND 0x1b0e62
2025-06-23 00:23:29 - Ventana PID 2256
2025-06-23 00:23:29 - Ventana Title [ Clariant ]
2025-06-23 00:23:29 - Ventana Class classROSE
2025-06-23 00:23:29 - Ventana Order 1
2025-06-23 00:23:29 - -------------------------
2025-06-23 00:23:29 - Ancho del botón de ventana: 105
2025-06-23 00:23:29 - Ancho del checkbox de Bucle: 70
2025-06-23 00:23:29 - Posición del checkbox de SyncKeys: 225
2025-06-23 00:23:29 - Ancho del checkbox de SyncKeys: 90
2025-06-23 00:23:29 - Posición del checkbox de AutoAttackMobs: 325
2025-06-23 00:23:29 - Ancho del checkbox de AutoAttackMobs: 130
2025-06-23 00:23:29 - Ventana HWND 0xa0b96
2025-06-23 00:23:29 - Ventana PID 26512
2025-06-23 00:23:29 - Ventana Title [ Alice ]
2025-06-23 00:23:29 - Ventana Class classROSE
2025-06-23 00:23:29 - Ventana Order 2
2025-06-23 00:23:29 - -------------------------
2025-06-23 00:23:29 - Ancho del botón de ventana: 90
2025-06-23 00:23:29 - Ancho del checkbox de Bucle: 70
2025-06-23 00:23:29 - Posición del checkbox de SyncKeys: 210
2025-06-23 00:23:29 - Ancho del checkbox de SyncKeys: 90
2025-06-23 00:23:29 - Posición del checkbox de AutoAttackMobs: 310
2025-06-23 00:23:29 - Ancho del checkbox de AutoAttackMobs: 130
2025-06-23 00:23:31 - Cargar Ventanas de ROSE
2025-06-23 00:23:31 - Lista de ventanas reiniciada
2025-06-23 00:23:31 - Buscando ventanas de ROSE...
2025-06-23 00:23:31 - Buscando ventanas con clase: classROSE
2025-06-23 00:23:31 - Buscando ventanas con clase: classCLIENT
2025-06-23 00:23:31 - Buscando ventanas con clase: classAMETHYST
2025-06-23 00:23:31 - Buscando ventanas con clase: classCodeZero
2025-06-23 00:23:31 - Buscando ventanas con clase: Arua
2025-06-23 00:23:31 - Añadida ventana: Wish Rose Online          [ Clariant ]
2025-06-23 00:23:31 - Registrada nueva ventana: Wish Rose Online          [ Clariant ]
2025-06-23 00:23:31 - Añadida ventana: Wish Rose Online          [ Alice ]
2025-06-23 00:23:31 - Registrada nueva ventana: Wish Rose Online          [ Alice ]
2025-06-23 00:23:31 - Ventana HWND 0x1b0e62
2025-06-23 00:23:31 - Ventana PID 2256
2025-06-23 00:23:31 - Ventana Title [ Clariant ]
2025-06-23 00:23:31 - Ventana Class classROSE
2025-06-23 00:23:31 - Ventana Order 1
2025-06-23 00:23:31 - -------------------------
2025-06-23 00:23:31 - Ancho del botón de ventana: 105
2025-06-23 00:23:31 - Ancho del checkbox de Bucle: 70
2025-06-23 00:23:31 - Posición del checkbox de SyncKeys: 225
2025-06-23 00:23:31 - Ancho del checkbox de SyncKeys: 90
2025-06-23 00:23:31 - Posición del checkbox de AutoAttackMobs: 325
2025-06-23 00:23:31 - Ancho del checkbox de AutoAttackMobs: 130
2025-06-23 00:23:31 - Ventana HWND 0xa0b96
2025-06-23 00:23:31 - Ventana PID 26512
2025-06-23 00:23:31 - Ventana Title [ Alice ]
2025-06-23 00:23:31 - Ventana Class classROSE
2025-06-23 00:23:31 - Ventana Order 2
2025-06-23 00:23:31 - -------------------------
2025-06-23 00:23:31 - Ancho del botón de ventana: 90
2025-06-23 00:23:31 - Ancho del checkbox de Bucle: 70
2025-06-23 00:23:31 - Posición del checkbox de SyncKeys: 210
2025-06-23 00:23:31 - Ancho del checkbox de SyncKeys: 90
2025-06-23 00:23:31 - Posición del checkbox de AutoAttackMobs: 310
2025-06-23 00:23:31 - Ancho del checkbox de AutoAttackMobs: 130
2025-06-23 00:23:35 - Cargar Ventanas de ROSE
2025-06-23 00:23:35 - Lista de ventanas reiniciada
2025-06-23 00:23:35 - Buscando ventanas de ROSE...
2025-06-23 00:23:35 - Buscando ventanas con clase: classROSE
2025-06-23 00:23:35 - Buscando ventanas con clase: classCLIENT
2025-06-23 00:23:35 - Buscando ventanas con clase: classAMETHYST
2025-06-23 00:23:35 - Buscando ventanas con clase: classCodeZero
2025-06-23 00:23:35 - Buscando ventanas con clase: Arua
2025-06-23 00:23:35 - Añadida ventana: Wish Rose Online          [ Clariant ]
2025-06-23 00:23:35 - Registrada nueva ventana: Wish Rose Online          [ Clariant ]
2025-06-23 00:23:35 - Añadida ventana: Wish Rose Online          [ Alice ]
2025-06-23 00:23:35 - Registrada nueva ventana: Wish Rose Online          [ Alice ]
2025-06-23 00:23:35 - Ventana HWND 0x1b0e62
2025-06-23 00:23:35 - Ventana PID 2256
2025-06-23 00:23:35 - Ventana Title [ Clariant ]
2025-06-23 00:23:35 - Ventana Class classROSE
2025-06-23 00:23:35 - Ventana Order 1
2025-06-23 00:23:35 - -------------------------
2025-06-23 00:23:35 - Ancho del botón de ventana: 105
2025-06-23 00:23:35 - Ancho del checkbox de Bucle: 70
2025-06-23 00:23:35 - Posición del checkbox de SyncKeys: 225
2025-06-23 00:23:35 - Ancho del checkbox de SyncKeys: 90
2025-06-23 00:23:35 - Posición del checkbox de AutoAttackMobs: 325
2025-06-23 00:23:35 - Ancho del checkbox de AutoAttackMobs: 130
2025-06-23 00:23:35 - Ventana HWND 0xa0b96
2025-06-23 00:23:35 - Ventana PID 26512
2025-06-23 00:23:35 - Ventana Title [ Alice ]
2025-06-23 00:23:35 - Ventana Class classROSE
2025-06-23 00:23:35 - Ventana Order 2
2025-06-23 00:23:35 - -------------------------
2025-06-23 00:23:35 - Ancho del botón de ventana: 90
2025-06-23 00:23:35 - Ancho del checkbox de Bucle: 70
2025-06-23 00:23:35 - Posición del checkbox de SyncKeys: 210
2025-06-23 00:23:35 - Ancho del checkbox de SyncKeys: 90
2025-06-23 00:23:35 - Posición del checkbox de AutoAttackMobs: 310
2025-06-23 00:23:35 - Ancho del checkbox de AutoAttackMobs: 130
2025-06-23 00:45:34 - === ROSE Multibox Debug Console (UTF-8) ===
2025-06-23 00:45:34 - Constructor WindowManager con parámetros
2025-06-23 00:45:36 - Cargar Ventanas de ROSE
2025-06-23 00:45:36 - Buscando ventanas de ROSE...
2025-06-23 00:45:36 - Buscando ventanas con clase: classROSE
2025-06-23 00:45:36 - Buscando ventanas con clase: classCLIENT
2025-06-23 00:45:36 - Buscando ventanas con clase: classAMETHYST
2025-06-23 00:45:36 - Buscando ventanas con clase: classCodeZero
2025-06-23 00:45:36 - Buscando ventanas con clase: Arua
2025-06-23 00:45:36 - Añadida ventana: Wish Rose Online          [ Clariant ]
2025-06-23 00:45:36 - Registrada nueva ventana: Wish Rose Online          [ Clariant ]
2025-06-23 00:45:36 - Añadida ventana: Wish Rose Online          [ Alice ]
2025-06-23 00:45:36 - Registrada nueva ventana: Wish Rose Online          [ Alice ]
2025-06-23 00:45:36 - Ventana HWND 0x1b0e62
2025-06-23 00:45:36 - Ventana PID 2256
2025-06-23 00:45:36 - Ventana Title [ Clariant ]
2025-06-23 00:45:36 - Ventana Class classROSE
2025-06-23 00:45:36 - Ventana Order 1
2025-06-23 00:45:36 - -------------------------
2025-06-23 00:45:36 - Ancho del botón de ventana: 105
2025-06-23 00:45:36 - Ancho del checkbox de Bucle: 70
2025-06-23 00:45:36 - Posición del checkbox de SyncKeys: 225
2025-06-23 00:45:36 - Ancho del checkbox de SyncKeys: 90
2025-06-23 00:45:36 - Posición del checkbox de AutoAttackMobs: 325
2025-06-23 00:45:36 - Ancho del checkbox de AutoAttackMobs: 130
2025-06-23 00:45:36 - Ventana HWND 0xa0b96
2025-06-23 00:45:36 - Ventana PID 26512
2025-06-23 00:45:36 - Ventana Title [ Alice ]
2025-06-23 00:45:36 - Ventana Class classROSE
2025-06-23 00:45:36 - Ventana Order 2
2025-06-23 00:45:36 - -------------------------
2025-06-23 00:45:36 - Ancho del botón de ventana: 90
2025-06-23 00:45:36 - Ancho del checkbox de Bucle: 70
2025-06-23 00:45:36 - Posición del checkbox de SyncKeys: 210
2025-06-23 00:45:36 - Ancho del checkbox de SyncKeys: 90
2025-06-23 00:45:36 - Posición del checkbox de AutoAttackMobs: 310
2025-06-23 00:45:36 - Ancho del checkbox de AutoAttackMobs: 130
2025-06-23 00:45:37 - Activando ventana: Wish Rose Online          [ Clariant ]
2025-06-23 00:45:37 - Ventana activada correctamente
2025-06-23 00:45:45 - Activando ventana: Wish Rose Online          [ Clariant ]
2025-06-23 00:45:45 - Ventana activada correctamente
2025-06-23 00:45:47 - Activando ventana: Wish Rose Online          [ Alice ]
2025-06-23 00:45:47 - Ventana activada correctamente
2025-06-23 00:45:48 - Activando ventana: Wish Rose Online          [ Clariant ]
2025-06-23 00:45:48 - Ventana activada correctamente
2025-06-23 00:45:50 - Activando ventana: Wish Rose Online          [ Alice ]
2025-06-23 00:45:50 - Ventana activada correctamente
2025-06-23 00:45:53 - Activando ventana: Wish Rose Online          [ Clariant ]
2025-06-23 00:45:53 - Ventana activada correctamente
2025-06-23 00:45:54 - Activando ventana: Wish Rose Online          [ Alice ]
2025-06-23 00:45:54 - Ventana activada correctamente
2025-06-23 00:45:55 - Activando ventana: Wish Rose Online          [ Clariant ]
2025-06-23 00:45:55 - Ventana activada correctamente
2025-06-23 00:45:59 - Activando ventana: Wish Rose Online          [ Alice ]
2025-06-23 00:45:59 - Ventana activada correctamente
2025-06-23 00:46:00 - Activando ventana: Wish Rose Online          [ Clariant ]
2025-06-23 00:46:00 - Ventana activada correctamente
2025-06-23 00:46:01 - Activando ventana: Wish Rose Online          [ Alice ]
2025-06-23 00:46:01 - Ventana activada correctamente
2025-06-23 00:46:01 - Activando ventana: Wish Rose Online          [ Clariant ]
2025-06-23 00:46:01 - Ventana activada correctamente
2025-06-23 00:46:05 - Activando ventana: Wish Rose Online          [ Clariant ]
2025-06-23 00:46:05 - Ventana activada correctamente
2025-06-23 00:46:06 - Activando ventana: Wish Rose Online          [ Alice ]
2025-06-23 00:46:06 - Ventana activada correctamente
2025-06-23 00:48:33 - === ROSE Multibox Debug Console (UTF-8) ===
2025-06-23 00:48:33 - Constructor WindowManager con parámetros
2025-06-23 00:48:35 - Cargar Ventanas de ROSE
2025-06-23 00:48:35 - Buscando ventanas de ROSE...
2025-06-23 00:48:35 - Buscando ventanas con clase: classROSE
2025-06-23 00:48:35 - Buscando ventanas con clase: classCLIENT
2025-06-23 00:48:35 - Buscando ventanas con clase: classAMETHYST
2025-06-23 00:48:35 - Buscando ventanas con clase: classCodeZero
2025-06-23 00:48:35 - Buscando ventanas con clase: Arua
2025-06-23 00:48:35 - Añadida ventana: Wish Rose Online          [ Clariant ]
2025-06-23 00:48:35 - Registrada nueva ventana: Wish Rose Online          [ Clariant ]
2025-06-23 00:48:35 - Añadida ventana: Wish Rose Online          [ Alice ]
2025-06-23 00:48:35 - Registrada nueva ventana: Wish Rose Online          [ Alice ]
2025-06-23 00:48:35 - Ventana HWND 0x1b0e62
2025-06-23 00:48:35 - Ventana PID 2256
2025-06-23 00:48:35 - Ventana Title [ Clariant ]
2025-06-23 00:48:35 - Ventana Class classROSE
2025-06-23 00:48:35 - Ventana Order 1
2025-06-23 00:48:35 - -------------------------
2025-06-23 00:48:35 - Ancho del botón de ventana: 105
2025-06-23 00:48:35 - Ancho del checkbox de Bucle: 70
2025-06-23 00:48:35 - Posición del checkbox de SyncKeys: 225
2025-06-23 00:48:35 - Ancho del checkbox de SyncKeys: 90
2025-06-23 00:48:35 - Posición del checkbox de AutoAttackMobs: 325
2025-06-23 00:48:35 - Ancho del checkbox de AutoAttackMobs: 130
2025-06-23 00:48:35 - Ventana HWND 0xa0b96
2025-06-23 00:48:35 - Ventana PID 26512
2025-06-23 00:48:35 - Ventana Title [ Alice ]
2025-06-23 00:48:35 - Ventana Class classROSE
2025-06-23 00:48:35 - Ventana Order 2
2025-06-23 00:48:35 - -------------------------
2025-06-23 00:48:35 - Ancho del botón de ventana: 90
2025-06-23 00:48:35 - Ancho del checkbox de Bucle: 70
2025-06-23 00:48:35 - Posición del checkbox de SyncKeys: 210
2025-06-23 00:48:35 - Ancho del checkbox de SyncKeys: 90
2025-06-23 00:48:35 - Posición del checkbox de AutoAttackMobs: 310
2025-06-23 00:48:35 - Ancho del checkbox de AutoAttackMobs: 130
2025-06-23 00:48:36 - Activando ventana: Wish Rose Online          [ Clariant ]
2025-06-23 00:48:36 - Restaurando ventana minimizada: Wish Rose Online          [ Clariant ]
2025-06-23 00:48:36 - Ventana activada correctamente: Wish Rose Online          [ Clariant ]
2025-06-23 00:48:39 - Activando ventana: Wish Rose Online          [ Alice ]
2025-06-23 00:48:39 - Restaurando ventana minimizada: Wish Rose Online          [ Alice ]
2025-06-23 00:48:40 - Ventana activada correctamente: Wish Rose Online          [ Alice ]
2025-06-23 00:48:41 - Activando ventana: Wish Rose Online          [ Clariant ]
2025-06-23 00:48:41 - Ventana activada correctamente: Wish Rose Online          [ Clariant ]
2025-06-23 00:48:42 - Activando ventana: Wish Rose Online          [ Alice ]
2025-06-23 00:48:42 - Ventana activada correctamente: Wish Rose Online          [ Alice ]
2025-06-23 00:48:45 - Activando ventana: Wish Rose Online          [ Clariant ]
2025-06-23 00:48:46 - Ventana activada correctamente: Wish Rose Online          [ Clariant ]
2025-06-23 00:48:47 - Activando ventana: Wish Rose Online          [ Alice ]
2025-06-23 00:48:47 - Ventana activada correctamente: Wish Rose Online          [ Alice ]
